#
# A fatal error has been detected by the Java Runtime Environment:
#
#  EXCEPTION_ACCESS_VIOLATION (0xc0000005) at pc=0x00007ff9c608e0a9, pid=15888, tid=15276
#
# JRE version: OpenJDK Runtime Environment Microsoft-8035246 (17.0.8+7) (build 17.0.8+7-LTS)
# Java VM: OpenJDK 64-Bit Server VM Microsoft-8035246 (17.0.8+7-LTS, mixed mode, sharing, tiered, compressed oops, compressed class ptrs, g1 gc, windows-amd64)
# Problematic frame:
# V  [jvm.dll+0x2be0a9]
#
# No core dump will be written. Minidumps are not enabled by default on client versions of Windows
#
# If you would like to submit a bug report, please visit:
#   https://github.com/microsoft/openjdk/issues
#

---------------  S U M M A R Y ------------

Command Line: -XX:MaxMetaspaceSize=512m --add-opens=java.base/java.util=ALL-UNNAMED --add-opens=java.base/java.lang=ALL-UNNAMED --add-opens=java.base/java.lang.invoke=ALL-UNNAMED --add-opens=java.prefs/java.util.prefs=ALL-UNNAMED --add-opens=java.base/java.nio.charset=ALL-UNNAMED --add-opens=java.base/java.net=ALL-UNNAMED --add-opens=java.base/java.util.concurrent.atomic=ALL-UNNAMED -Xmx2048m -Dfile.encoding=windows-1252 -Duser.country=US -Duser.language=en -Duser.variant -javaagent:C:\Users\ranaa\.gradle\wrapper\dists\gradle-8.3-all\6en3ugtfdg5xnpx44z4qbwgas\gradle-8.3\lib\agents\gradle-instrumentation-agent-8.3.jar org.gradle.launcher.daemon.bootstrap.GradleDaemon 8.3

Host: Intel(R) Core(TM) i5-4300U CPU @ 1.90GHz, 4 cores, 7G,  Windows 11 , 64 bit Build 22621 (10.0.22621.3085)
Time: Mon Mar 11 22:53:25 2024 Pakistan Standard Time elapsed time: 45.622615 seconds (0d 0h 0m 45s)

---------------  T H R E A D  ---------------

Current thread (0x000001aefdf6ed90):  JavaThread "C2 CompilerThread1" daemon [_thread_in_native, id=15276, stack(0x0000001789500000,0x0000001789600000)]


Current CompileTask:
C2:  45622 15373   !   4       org.gradle.cache.internal.DefaultMultiProcessSafeIndexedCache::getIfPresent (25 bytes)

Stack: [0x0000001789500000,0x0000001789600000],  sp=0x00000017895fb6e0,  free space=1005k
Native frames: (J=compiled Java code, j=interpreted, Vv=VM code, C=native code)
V  [jvm.dll+0x2be0a9]
V  [jvm.dll+0x21ba8b]
V  [jvm.dll+0x21944b]
V  [jvm.dll+0x1a56b6]
V  [jvm.dll+0x2291ea]
V  [jvm.dll+0x22724c]
V  [jvm.dll+0x7efd0c]
V  [jvm.dll+0x7ea13a]
V  [jvm.dll+0x67ad85]
C  [ucrtbase.dll+0x29363]
C  [KERNEL32.DLL+0x1257d]
C  [ntdll.dll+0x5aa58]


siginfo: EXCEPTION_ACCESS_VIOLATION (0xc0000005), reading address 0x0000000000000028


Register to memory mapping:

RIP=0x00007ff9c608e0a9 jvm.dll
RAX=0x000001aefcde2ff0 points into unknown readable memory: 0x0000000000000000 | 00 00 00 00 00 00 00 00
RBX=0x0000000000001796 is an unknown value
RCX=0x0 is NULL
RDX=0x0 is NULL
RSP=0x00000017895fb6e0 is pointing into the stack for thread: 0x000001aefdf6ed90
RBP=0x00000017895fb750 is pointing into the stack for thread: 0x000001aefdf6ed90
RSI=0x0 is NULL
RDI=0x0000000000000042 is an unknown value
R8 =0x000000000000ffe0 is an unknown value
R9 =0x0 is NULL
R10=0x00007ff9fd270000 VCRUNTIME140.dll
R11=0x000001aefcde3010 points into unknown readable memory: 0x0000000000000000 | 00 00 00 00 00 00 00 00
R12=0x0000000000000050 is an unknown value
R13=0x0 is NULL
R14=0x0 is NULL
R15=0x00000017895fe900 is pointing into the stack for thread: 0x000001aefdf6ed90


Registers:
RAX=0x000001aefcde2ff0, RBX=0x0000000000001796, RCX=0x0000000000000000, RDX=0x0000000000000000
RSP=0x00000017895fb6e0, RBP=0x00000017895fb750, RSI=0x0000000000000000, RDI=0x0000000000000042
R8 =0x000000000000ffe0, R9 =0x0000000000000000, R10=0x00007ff9fd270000, R11=0x000001aefcde3010
R12=0x0000000000000050, R13=0x0000000000000000, R14=0x0000000000000000, R15=0x00000017895fe900
RIP=0x00007ff9c608e0a9, EFLAGS=0x0000000000010202

Top of Stack: (sp=0x00000017895fb6e0)
0x00000017895fb6e0:   0000000000001796 0000000000000000
0x00000017895fb6f0:   00000017895fe900 00007ff9c5ff38d1
0x00000017895fb700:   000001aefe37b860 00007ff900002000
0x00000017895fb710:   000001aefcde2ff0 000001ae00000000
0x00000017895fb720:   0000000000000002 000001aefed6b290
0x00000017895fb730:   0000000000000002 000001aefe37b860
0x00000017895fb740:   0000000000000000 0000000000000000
0x00000017895fb750:   000001aefbff4330 000001aed7018ef0
0x00000017895fb760:   0000000000000042 00007ff9c6714c08
0x00000017895fb770:   00000017895fb880 00007ff9c5feba8b
0x00000017895fb780:   00000017895fe900 00007ff9c6714c08
0x00000017895fb790:   00000017895fe900 00000017895fb880
0x00000017895fb7a0:   000001ae00000000 00007ff9c63eb7fb
0x00000017895fb7b0:   000000170000000f 00000017895fe900
0x00000017895fb7c0:   00000017895fb930 0000000000000000
0x00000017895fb7d0:   000001ae00000100 00007ff9c6714c08 

Instructions: (pc=0x00007ff9c608e0a9)
0x00007ff9c608dfa9:   3b d0 75 0b ff c1 41 3b c9 7c dc 48 8b c2 c3 33
0x00007ff9c608dfb9:   c0 c3 cc cc cc cc cc 48 89 5c 24 18 55 56 57 41
0x00007ff9c608dfc9:   55 41 57 48 8b ec 48 83 ec 70 65 48 8b 04 25 58
0x00007ff9c608dfd9:   00 00 00 48 8b f2 44 8b 05 d2 8b 90 00 4c 8b f9
0x00007ff9c608dfe9:   4a 8b 1c c0 b8 50 00 00 00 80 3c 18 00 75 05 e8
0x00007ff9c608dff9:   8b 6f 5d 00 b8 20 00 00 00 48 8b 04 18 48 8b 98
0x00007ff9c608e009:   38 02 00 00 48 89 5d b0 c7 45 b8 04 00 00 00 48
0x00007ff9c608e019:   8b 43 18 48 83 f8 df 76 18 4c 8d 05 37 a9 65 00
0x00007ff9c608e029:   ba 20 00 00 00 48 8b cb e8 5a eb de ff 48 8b 43
0x00007ff9c608e039:   18 48 8d 48 20 48 3b 4b 20 76 11 45 33 c0 48 8b
0x00007ff9c608e049:   cb 41 8d 50 20 e8 fd e8 de ff eb 04 48 89 4b 18
0x00007ff9c608e059:   44 8b 45 b8 33 d2 49 c1 e0 03 48 8b c8 48 89 45
0x00007ff9c608e069:   c0 e8 e3 80 5d 00 45 33 ed 48 8d 4d d0 44 89 6d
0x00007ff9c608e079:   c8 e8 01 59 56 00 41 8b 9f 40 02 00 00 41 2b 9f
0x00007ff9c608e089:   68 02 00 00 44 89 6d f0 3b 5d b8 72 0b 8b d3 48
0x00007ff9c608e099:   8d 4d b0 e8 6f b3 39 00 48 8b 45 c0 4c 89 2c d8
0x00007ff9c608e0a9:   8b 7e 28 8b df c1 eb 05 3b 5d d0 72 0b 8b d3 48
0x00007ff9c608e0b9:   8d 4d d0 e8 1f 59 56 00 48 8b 45 d8 83 e7 1f 48
0x00007ff9c608e0c9:   8d 14 98 40 0f b6 cf 41 b8 01 00 00 00 41 d3 e0
0x00007ff9c608e0d9:   8b 0a 8b c1 41 0b c0 89 02 41 85 c8 75 21 8b 5d
0x00007ff9c608e0e9:   c8 8d 43 01 89 45 c8 3b 5d b8 72 0b 8b d3 48 8d
0x00007ff9c608e0f9:   4d b0 e8 10 b3 39 00 48 8b 45 c0 48 89 34 d8 44
0x00007ff9c608e109:   39 6d c8 0f 86 77 01 00 00 4c 89 a4 24 a0 00 00
0x00007ff9c608e119:   00 4c 89 b4 24 a8 00 00 00 48 8b 45 c0 41 8b cd
0x00007ff9c608e129:   48 8b 34 c8 8b 46 2c 25 ff 1f 00 00 3d 04 10 00
0x00007ff9c608e139:   00 0f 85 a7 00 00 00 bb 01 00 00 00 39 5e 18 76
0x00007ff9c608e149:   39 66 0f 1f 44 00 00 48 8b 46 08 8b cb 48 8b 14
0x00007ff9c608e159:   c8 48 85 d2 74 1d 48 83 7a 10 00 74 16 80 7a 2c
0x00007ff9c608e169:   84 74 10 e8 7f 7e ee ff 48 8b d0 49 8b cf e8 a4
0x00007ff9c608e179:   61 f6 ff ff c3 3b 5e 18 72 cd 48 8b 5e 10 8b 46
0x00007ff9c608e189:   20 4c 8d 34 c3 49 3b de 73 54 48 8b 3b 8b 47 2c
0x00007ff9c608e199:   83 e0 03 3c 03 75 2e 48 8b 07 48 8b cf ff 90 88 


Stack slot to memory mapping:
stack at sp + 0 slots: 0x0000000000001796 is an unknown value
stack at sp + 1 slots: 0x0 is NULL
stack at sp + 2 slots: 0x00000017895fe900 is pointing into the stack for thread: 0x000001aefdf6ed90
stack at sp + 3 slots: 0x00007ff9c5ff38d1 jvm.dll
stack at sp + 4 slots: 0x000001aefe37b860 points into unknown readable memory: 0x7573002300000006 | 06 00 00 00 23 00 73 75
stack at sp + 5 slots: 0x00007ff900002000 is an unknown value
stack at sp + 6 slots: 0x000001aefcde2ff0 points into unknown readable memory: 0x0000000000000000 | 00 00 00 00 00 00 00 00
stack at sp + 7 slots: 0x000001ae00000000 is an unknown value


---------------  P R O C E S S  ---------------

Threads class SMR info:
_java_thread_list=0x000001aefe90a3d0, length=92, elements={
0x000001aed7000f70, 0x000001aef4ba1460, 0x000001aef4ba22e0, 0x000001aef4bba6e0,
0x000001aef4bbc2b0, 0x000001aef4bbce70, 0x000001aef4bbf840, 0x000001aef4bc5020,
0x000001aef4bc8950, 0x000001aef4bd5a50, 0x000001aef90ac440, 0x000001aef9164f20,
0x000001aefa6f73d0, 0x000001aefa3949f0, 0x000001aefa7bdcb0, 0x000001aefa762320,
0x000001aefad0e7a0, 0x000001aefabb0030, 0x000001aefa2914a0, 0x000001aefa3ff8b0,
0x000001aefa3fda50, 0x000001aefa3fee90, 0x000001aefa3ffdc0, 0x000001aefa3fdf60,
0x000001aefa3fe470, 0x000001aefa3fd540, 0x000001aefa3fe980, 0x000001aefa3fc610,
0x000001aefa3fcb20, 0x000001aefa3fd030, 0x000001aefb632a50, 0x000001aefb62de60,
0x000001aefb62e370, 0x000001aefb632030, 0x000001aefb632540, 0x000001aefb6301d0,
0x000001aefb62d440, 0x000001aefb62ed90, 0x000001aefb632f60, 0x000001aefb633980,
0x000001aefb633e90, 0x000001aefb630bf0, 0x000001aefb6306e0, 0x000001aefb62d950,
0x000001aefb62cf30, 0x000001aefb6348b0, 0x000001aefb62f7b0, 0x000001aefb631100,
0x000001aefb631610, 0x000001aefb631b20, 0x000001aefce2f110, 0x000001aefce2dcd0,
0x000001aefce323b0, 0x000001aefce31990, 0x000001aefce31480, 0x000001aefce31ea0,
0x000001aefce2c890, 0x000001aefce2e6f0, 0x000001aefce328c0, 0x000001aefce30f70,
0x000001aefce32dd0, 0x000001aefce337f0, 0x000001aefce332e0, 0x000001aefdf6ed90,
0x000001aefce2cda0, 0x000001aefce2ec00, 0x000001aefce2d2b0, 0x000001aefce2fb30,
0x000001aefce30550, 0x000001aefce30a60, 0x000001aeff231c90, 0x000001aeff2335e0,
0x000001aeff2326b0, 0x000001aeff235950, 0x000001aeff234a20, 0x000001aeff230850,
0x000001aeff231780, 0x000001aeff232bc0, 0x000001aeff234510, 0x000001aeff235e60,
0x000001aeff236370, 0x000001aeff236880, 0x000001aeff22fe30, 0x000001aeff230d60,
0x000001aeff230340, 0x000001aeff231270, 0x000001aefb7b9880, 0x000001aefb7bbbf0,
0x000001aefb7b7f30, 0x000001aefb7bb1d0, 0x000001aefb7b65e0, 0x000001aefb7ba7b0
}

Java Threads: ( => current thread )
  0x000001aed7000f70 JavaThread "main" [_thread_blocked, id=5952, stack(0x0000001787200000,0x0000001787300000)]
  0x000001aef4ba1460 JavaThread "Reference Handler" daemon [_thread_blocked, id=15680, stack(0x0000001787900000,0x0000001787a00000)]
  0x000001aef4ba22e0 JavaThread "Finalizer" daemon [_thread_blocked, id=16752, stack(0x0000001787a00000,0x0000001787b00000)]
  0x000001aef4bba6e0 JavaThread "Signal Dispatcher" daemon [_thread_blocked, id=15984, stack(0x0000001787b00000,0x0000001787c00000)]
  0x000001aef4bbc2b0 JavaThread "Attach Listener" daemon [_thread_blocked, id=10600, stack(0x0000001787c00000,0x0000001787d00000)]
  0x000001aef4bbce70 JavaThread "Service Thread" daemon [_thread_blocked, id=16856, stack(0x0000001787d00000,0x0000001787e00000)]
  0x000001aef4bbf840 JavaThread "Monitor Deflation Thread" daemon [_thread_blocked, id=10944, stack(0x0000001787e00000,0x0000001787f00000)]
  0x000001aef4bc5020 JavaThread "C2 CompilerThread0" daemon [_thread_in_native, id=19184, stack(0x0000001787f00000,0x0000001788000000)]
  0x000001aef4bc8950 JavaThread "C1 CompilerThread0" daemon [_thread_in_vm, id=17508, stack(0x0000001788000000,0x0000001788100000)]
  0x000001aef4bd5a50 JavaThread "Sweeper thread" daemon [_thread_blocked, id=16552, stack(0x0000001788100000,0x0000001788200000)]
  0x000001aef90ac440 JavaThread "Common-Cleaner" daemon [_thread_blocked, id=20448, stack(0x0000001788200000,0x0000001788300000)]
  0x000001aef9164f20 JavaThread "Notification Thread" daemon [_thread_blocked, id=3728, stack(0x0000001788300000,0x0000001788400000)]
  0x000001aefa6f73d0 JavaThread "Daemon health stats" [_thread_blocked, id=21132, stack(0x0000001788900000,0x0000001788a00000)]
  0x000001aefa3949f0 JavaThread "Incoming local TCP Connector on port 62582" [_thread_in_native, id=5240, stack(0x0000001788a00000,0x0000001788b00000)]
  0x000001aefa7bdcb0 JavaThread "Daemon periodic checks" [_thread_blocked, id=2836, stack(0x0000001788b00000,0x0000001788c00000)]
  0x000001aefa762320 JavaThread "Daemon" [_thread_blocked, id=9936, stack(0x0000001788c00000,0x0000001788d00000)]
  0x000001aefad0e7a0 JavaThread "Handler for socket connection from /127.0.0.1:62582 to /127.0.0.1:62583" [_thread_in_native, id=4960, stack(0x0000001788d00000,0x0000001788e00000)]
  0x000001aefabb0030 JavaThread "Cancel handler" [_thread_blocked, id=16188, stack(0x0000001788e00000,0x0000001788f00000)]
  0x000001aefa2914a0 JavaThread "Daemon worker" [_thread_blocked, id=11956, stack(0x0000001788f00000,0x0000001789000000)]
  0x000001aefa3ff8b0 JavaThread "Asynchronous log dispatcher for DefaultDaemonConnection: socket connection from /127.0.0.1:62582 to /127.0.0.1:62583" [_thread_blocked, id=12464, stack(0x0000001789000000,0x0000001789100000)]
  0x000001aefa3fda50 JavaThread "Stdin handler" [_thread_blocked, id=1356, stack(0x0000001789100000,0x0000001789200000)]
  0x000001aefa3fee90 JavaThread "Daemon client event forwarder" [_thread_blocked, id=13632, stack(0x0000001789200000,0x0000001789300000)]
  0x000001aefa3ffdc0 JavaThread "Cache worker for journal cache (C:\Users\ranaa\.gradle\caches\journal-1)" [_thread_blocked, id=7848, stack(0x0000001789300000,0x0000001789400000)]
  0x000001aefa3fdf60 JavaThread "File lock request listener" [_thread_in_native, id=20868, stack(0x0000001789400000,0x0000001789500000)]
  0x000001aefa3fe470 JavaThread "Cache worker for file hash cache (C:\Users\ranaa\.gradle\caches\8.3\fileHashes)" [_thread_blocked, id=13980, stack(0x0000001788500000,0x0000001788600000)]
  0x000001aefa3fd540 JavaThread "File watcher server" daemon [_thread_in_native, id=16292, stack(0x0000001789600000,0x0000001789700000)]
  0x000001aefa3fe980 JavaThread "File watcher consumer" daemon [_thread_blocked, id=7636, stack(0x0000001789700000,0x0000001789800000)]
  0x000001aefa3fc610 JavaThread "Cache worker for checksums cache (E:\Bootcamp\Projects\Task_2\Pet Adoption App\petAdoptionApp\android\.gradle\8.3\checksums)" [_thread_blocked, id=6552, stack(0x0000001789800000,0x0000001789900000)]
  0x000001aefa3fcb20 JavaThread "Cache worker for file hash cache (E:\Bootcamp\Projects\Task_2\Pet Adoption App\petAdoptionApp\android\.gradle\8.3\fileHashes)" [_thread_blocked, id=16656, stack(0x0000001789900000,0x0000001789a00000)]
  0x000001aefa3fd030 JavaThread "Cache worker for cache directory md-supplier (C:\Users\ranaa\.gradle\caches\8.3\md-supplier)" [_thread_blocked, id=15800, stack(0x0000001789a00000,0x0000001789b00000)]
  0x000001aefb632a50 JavaThread "Cache worker for file content cache (C:\Users\ranaa\.gradle\caches\8.3\fileContent)" [_thread_blocked, id=11784, stack(0x0000001789b00000,0x0000001789c00000)]
  0x000001aefb62de60 JavaThread "Cache worker for cache directory md-rule (C:\Users\ranaa\.gradle\caches\8.3\md-rule)" [_thread_blocked, id=15144, stack(0x0000001789d00000,0x0000001789e00000)]
  0x000001aefb62e370 JavaThread "Cache worker for execution history cache (C:\Users\ranaa\.gradle\caches\8.3\executionHistory)" [_thread_blocked, id=12620, stack(0x0000001789e00000,0x0000001789f00000)]
  0x000001aefb632030 JavaThread "jar transforms" [_thread_blocked, id=13100, stack(0x0000001789f00000,0x000000178a000000)]
  0x000001aefb632540 JavaThread "jar transforms Thread 2" [_thread_blocked, id=784, stack(0x000000178a000000,0x000000178a100000)]
  0x000001aefb6301d0 JavaThread "jar transforms Thread 3" [_thread_blocked, id=14396, stack(0x000000178a100000,0x000000178a200000)]
  0x000001aefb62d440 JavaThread "jar transforms Thread 4" [_thread_blocked, id=7136, stack(0x000000178a200000,0x000000178a300000)]
  0x000001aefb62ed90 JavaThread "Cache worker for kotlin-dsl (C:\Users\ranaa\.gradle\caches\8.3\kotlin-dsl)" [_thread_blocked, id=14660, stack(0x000000178a300000,0x000000178a400000)]
  0x000001aefb632f60 JavaThread "Unconstrained build operations" [_thread_blocked, id=11248, stack(0x000000178a400000,0x000000178a500000)]
  0x000001aefb633980 JavaThread "Unconstrained build operations Thread 2" [_thread_blocked, id=2596, stack(0x000000178a500000,0x000000178a600000)]
  0x000001aefb633e90 JavaThread "Cache worker for dependencies-accessors (E:\Bootcamp\Projects\Task_2\Pet Adoption App\petAdoptionApp\android\.gradle\8.3\dependencies-accessors)" [_thread_blocked, id=17248, stack(0x000000178a600000,0x000000178a700000)]
  0x000001aefb630bf0 JavaThread "Cache worker for Build Output Cleanup Cache (E:\Bootcamp\Projects\Task_2\Pet Adoption App\petAdoptionApp\node_modules\@react-native\gradle-plugin\.gradle\buildOutputCleanup)" [_thread_blocked, id=3308, stack(0x000000178a700000,0x000000178a800000)]
  0x000001aefb6306e0 JavaThread "Unconstrained build operations Thread 3" [_thread_blocked, id=11456, stack(0x000000178a800000,0x000000178a900000)]
  0x000001aefb62d950 JavaThread "Unconstrained build operations Thread 4" [_thread_blocked, id=8260, stack(0x000000178a900000,0x000000178aa00000)]
  0x000001aefb62cf30 JavaThread "Unconstrained build operations Thread 5" [_thread_blocked, id=5328, stack(0x000000178aa00000,0x000000178ab00000)]
  0x000001aefb6348b0 JavaThread "Memory manager" [_thread_blocked, id=17260, stack(0x000000178ab00000,0x000000178ac00000)]
  0x000001aefb62f7b0 JavaThread "Cache worker for Build Output Cleanup Cache (E:\Bootcamp\Projects\Task_2\Pet Adoption App\petAdoptionApp\android\.gradle\buildOutputCleanup)" [_thread_blocked, id=9328, stack(0x000000178ac00000,0x000000178ad00000)]
  0x000001aefb631100 JavaThread "ForkJoinPool.commonPool-worker-1" daemon [_thread_blocked, id=18160, stack(0x000000178ad00000,0x000000178ae00000)]
  0x000001aefb631610 JavaThread "ForkJoinPool.commonPool-worker-2" daemon [_thread_blocked, id=15552, stack(0x000000178ae00000,0x000000178af00000)]
  0x000001aefb631b20 JavaThread "ForkJoinPool.commonPool-worker-3" daemon [_thread_blocked, id=2988, stack(0x000000178af00000,0x000000178b000000)]
  0x000001aefce2f110 JavaThread "included builds" [_thread_in_vm, id=19940, stack(0x000000178b000000,0x000000178b100000)]
  0x000001aefce2dcd0 JavaThread "Execution worker" [_thread_blocked, id=20408, stack(0x000000178b100000,0x000000178b200000)]
  0x000001aefce323b0 JavaThread "Execution worker Thread 2" [_thread_blocked, id=4948, stack(0x000000178b200000,0x000000178b300000)]
  0x000001aefce31990 JavaThread "Execution worker Thread 3" [_thread_blocked, id=19864, stack(0x000000178b300000,0x000000178b400000)]
  0x000001aefce31480 JavaThread "Cache worker for execution history cache (E:\Bootcamp\Projects\Task_2\Pet Adoption App\petAdoptionApp\node_modules\@react-native\gradle-plugin\.gradle\8.3\executionHistory)" [_thread_blocked, id=13684, stack(0x000000178b400000,0x000000178b500000)]
  0x000001aefce31ea0 JavaThread "Unconstrained build operations Thread 6" [_thread_blocked, id=10224, stack(0x000000178b500000,0x000000178b600000)]
  0x000001aefce2c890 JavaThread "Unconstrained build operations Thread 7" [_thread_blocked, id=2936, stack(0x000000178b600000,0x000000178b700000)]
  0x000001aefce2e6f0 JavaThread "Unconstrained build operations Thread 8" [_thread_blocked, id=16028, stack(0x000000178b700000,0x000000178b800000)]
  0x000001aefce328c0 JavaThread "Unconstrained build operations Thread 9" [_thread_blocked, id=14680, stack(0x000000178b800000,0x000000178b900000)]
  0x000001aefce30f70 JavaThread "Unconstrained build operations Thread 10" [_thread_blocked, id=788, stack(0x000000178b900000,0x000000178ba00000)]
  0x000001aefce32dd0 JavaThread "Unconstrained build operations Thread 11" [_thread_blocked, id=5884, stack(0x000000178ba00000,0x000000178bb00000)]
  0x000001aefce337f0 JavaThread "Unconstrained build operations Thread 12" [_thread_blocked, id=1740, stack(0x000000178bb00000,0x000000178bc00000)]
  0x000001aefce332e0 JavaThread "Unconstrained build operations Thread 13" [_thread_blocked, id=10176, stack(0x000000178bc00000,0x000000178bd00000)]
=>0x000001aefdf6ed90 JavaThread "C2 CompilerThread1" daemon [_thread_in_native, id=15276, stack(0x0000001789500000,0x0000001789600000)]
  0x000001aefce2cda0 JavaThread "Unconstrained build operations Thread 14" [_thread_blocked, id=16316, stack(0x000000178bf00000,0x000000178c000000)]
  0x000001aefce2ec00 JavaThread "Unconstrained build operations Thread 15" [_thread_blocked, id=14296, stack(0x000000178c000000,0x000000178c100000)]
  0x000001aefce2d2b0 JavaThread "Unconstrained build operations Thread 16" [_thread_blocked, id=19032, stack(0x000000178c100000,0x000000178c200000)]
  0x000001aefce2fb30 JavaThread "Unconstrained build operations Thread 17" [_thread_blocked, id=19324, stack(0x000000178c200000,0x000000178c300000)]
  0x000001aefce30550 JavaThread "Unconstrained build operations Thread 18" [_thread_blocked, id=14324, stack(0x000000178c300000,0x000000178c400000)]
  0x000001aefce30a60 JavaThread "Unconstrained build operations Thread 19" [_thread_blocked, id=18136, stack(0x000000178c400000,0x000000178c500000)]
  0x000001aeff231c90 JavaThread "Unconstrained build operations Thread 20" [_thread_blocked, id=3060, stack(0x000000178c600000,0x000000178c700000)]
  0x000001aeff2335e0 JavaThread "Unconstrained build operations Thread 21" [_thread_blocked, id=15368, stack(0x000000178c700000,0x000000178c800000)]
  0x000001aeff2326b0 JavaThread "Unconstrained build operations Thread 22" [_thread_blocked, id=17280, stack(0x000000178c800000,0x000000178c900000)]
  0x000001aeff235950 JavaThread "Unconstrained build operations Thread 23" [_thread_blocked, id=17212, stack(0x000000178c900000,0x000000178ca00000)]
  0x000001aeff234a20 JavaThread "Unconstrained build operations Thread 24" [_thread_blocked, id=11864, stack(0x000000178ca00000,0x000000178cb00000)]
  0x000001aeff230850 JavaThread "Unconstrained build operations Thread 25" [_thread_blocked, id=21092, stack(0x000000178cb00000,0x000000178cc00000)]
  0x000001aeff231780 JavaThread "Unconstrained build operations Thread 26" [_thread_blocked, id=1904, stack(0x000000178cc00000,0x000000178cd00000)]
  0x000001aeff232bc0 JavaThread "Unconstrained build operations Thread 27" [_thread_blocked, id=8268, stack(0x000000178cd00000,0x000000178ce00000)]
  0x000001aeff234510 JavaThread "Unconstrained build operations Thread 28" [_thread_blocked, id=1200, stack(0x000000178ce00000,0x000000178cf00000)]
  0x000001aeff235e60 JavaThread "Unconstrained build operations Thread 29" [_thread_blocked, id=16756, stack(0x000000178cf00000,0x000000178d000000)]
  0x000001aeff236370 JavaThread "Unconstrained build operations Thread 30" [_thread_blocked, id=16916, stack(0x000000178d000000,0x000000178d100000)]
  0x000001aeff236880 JavaThread "Unconstrained build operations Thread 31" [_thread_blocked, id=21316, stack(0x000000178d100000,0x000000178d200000)]
  0x000001aeff22fe30 JavaThread "Unconstrained build operations Thread 32" [_thread_blocked, id=6720, stack(0x000000178d200000,0x000000178d300000)]
  0x000001aeff230d60 JavaThread "Unconstrained build operations Thread 33" [_thread_blocked, id=12456, stack(0x000000178d300000,0x000000178d400000)]
  0x000001aeff230340 JavaThread "Unconstrained build operations Thread 34" [_thread_blocked, id=8652, stack(0x000000178d400000,0x000000178d500000)]
  0x000001aeff231270 JavaThread "Unconstrained build operations Thread 35" [_thread_blocked, id=7132, stack(0x000000178d500000,0x000000178d600000)]
  0x000001aefb7b9880 JavaThread "Unconstrained build operations Thread 36" [_thread_blocked, id=4664, stack(0x000000178d600000,0x000000178d700000)]
  0x000001aefb7bbbf0 JavaThread "Unconstrained build operations Thread 37" [_thread_blocked, id=17180, stack(0x000000178d700000,0x000000178d800000)]
  0x000001aefb7b7f30 JavaThread "Unconstrained build operations Thread 38" [_thread_blocked, id=12576, stack(0x000000178d800000,0x000000178d900000)]
  0x000001aefb7bb1d0 JavaThread "Unconstrained build operations Thread 39" [_thread_blocked, id=14304, stack(0x000000178d900000,0x000000178da00000)]
  0x000001aefb7b65e0 JavaThread "Unconstrained build operations Thread 40" [_thread_blocked, id=2760, stack(0x000000178da00000,0x000000178db00000)]
  0x000001aefb7ba7b0 JavaThread "Cache worker for execution history cache (E:\Bootcamp\Projects\Task_2\Pet Adoption App\petAdoptionApp\android\.gradle\8.3\executionHistory)" [_thread_blocked, id=16336, stack(0x000000178db00000,0x000000178dc00000)]

Other Threads:
  0x000001aef4b99ba0 VMThread "VM Thread" [stack: 0x0000001787800000,0x0000001787900000] [id=11292]
  0x000001aef9166040 WatcherThread [stack: 0x0000001788400000,0x0000001788500000] [id=17264]
  0x000001aed705aee0 GCTaskThread "GC Thread#0" [stack: 0x0000001787300000,0x0000001787400000] [id=10136]
  0x000001aef95e7210 GCTaskThread "GC Thread#1" [stack: 0x0000001788600000,0x0000001788700000] [id=18960]
  0x000001aef92be920 GCTaskThread "GC Thread#2" [stack: 0x0000001788700000,0x0000001788800000] [id=11824]
  0x000001aefa0df560 GCTaskThread "GC Thread#3" [stack: 0x0000001788800000,0x0000001788900000] [id=4992]
  0x000001aed706be30 ConcurrentGCThread "G1 Main Marker" [stack: 0x0000001787400000,0x0000001787500000] [id=9116]
  0x000001aed706cfe0 ConcurrentGCThread "G1 Conc#0" [stack: 0x0000001787500000,0x0000001787600000] [id=17548]
  0x000001aed70ae770 ConcurrentGCThread "G1 Refine#0" [stack: 0x0000001787600000,0x0000001787700000] [id=14580]
  0x000001aefb1c3400 ConcurrentGCThread "G1 Refine#1" [stack: 0x0000001789c00000,0x0000001789d00000] [id=15676]
  0x000001aefc1ddbf0 ConcurrentGCThread "G1 Refine#2" [stack: 0x000000178c500000,0x000000178c600000] [id=13228]
  0x000001aef4a58350 ConcurrentGCThread "G1 Service" [stack: 0x0000001787700000,0x0000001787800000] [id=8196]

Threads with active compile tasks:
C2 CompilerThread0    45751 15417       4       sun.nio.fs.WindowsPathParser::parse (384 bytes)
C2 CompilerThread1    45752 15373   !   4       org.gradle.cache.internal.DefaultMultiProcessSafeIndexedCache::getIfPresent (25 bytes)

VM state: not at safepoint (normal execution)

VM Mutex/Monitor currently owned by a thread: None

Heap address: 0x0000000080000000, size: 2048 MB, Compressed Oops mode: 32-bit

CDS archive(s) mapped at: [0x000001ae80000000-0x000001ae80bd0000-0x000001ae80bd0000), size 12386304, SharedBaseAddress: 0x000001ae80000000, ArchiveRelocationMode: 1.
Compressed class space mapped at: 0x000001ae81000000-0x000001ae9b000000, reserved size: 436207616
Narrow klass base: 0x000001ae80000000, Narrow klass shift: 0, Narrow klass range: 0x100000000

GC Precious Log:
 CPUs: 4 total, 4 available
 Memory: 8097M
 Large Page Support: Disabled
 NUMA Support: Disabled
 Compressed Oops: Enabled (32-bit)
 Heap Region Size: 1M
 Heap Min Capacity: 8M
 Heap Initial Capacity: 128M
 Heap Max Capacity: 2G
 Pre-touch: Disabled
 Parallel Workers: 4
 Concurrent Workers: 1
 Concurrent Refinement Workers: 4
 Periodic GC: Disabled

Heap:
 garbage-first heap   total 280576K, used 211437K [0x0000000080000000, 0x0000000100000000)
  region size 1024K, 37 young (37888K), 6 survivors (6144K)
 Metaspace       used 98729K, committed 99776K, reserved 557056K
  class space    used 13741K, committed 14272K, reserved 425984K

Heap Regions: E=young(eden), S=young(survivor), O=old, HS=humongous(starts), HC=humongous(continues), CS=collection set, F=free, OA=open archive, CA=closed archive, TAMS=top-at-mark-start (previous, next)
|   0|0x0000000080000000, 0x0000000080100000, 0x0000000080100000|100%| O|  |TAMS 0x0000000080100000, 0x0000000080000000| Untracked 
|   1|0x0000000080100000, 0x0000000080200000, 0x0000000080200000|100%| O|  |TAMS 0x0000000080200000, 0x0000000080100000| Untracked 
|   2|0x0000000080200000, 0x0000000080300000, 0x0000000080300000|100%|HS|  |TAMS 0x0000000080300000, 0x0000000080200000| Complete 
|   3|0x0000000080300000, 0x0000000080400000, 0x0000000080400000|100%|HC|  |TAMS 0x0000000080400000, 0x0000000080300000| Complete 
|   4|0x0000000080400000, 0x0000000080500000, 0x0000000080500000|100%|HC|  |TAMS 0x0000000080500000, 0x0000000080400000| Complete 
|   5|0x0000000080500000, 0x0000000080600000, 0x0000000080600000|100%|HC|  |TAMS 0x0000000080600000, 0x0000000080500000| Complete 
|   6|0x0000000080600000, 0x0000000080700000, 0x0000000080700000|100%| O|  |TAMS 0x0000000080700000, 0x0000000080600000| Untracked 
|   7|0x0000000080700000, 0x0000000080800000, 0x0000000080800000|100%| O|  |TAMS 0x0000000080800000, 0x0000000080700000| Untracked 
|   8|0x0000000080800000, 0x0000000080900000, 0x0000000080900000|100%| O|  |TAMS 0x0000000080900000, 0x0000000080800000| Untracked 
|   9|0x0000000080900000, 0x0000000080a00000, 0x0000000080a00000|100%| O|  |TAMS 0x0000000080a00000, 0x0000000080900000| Untracked 
|  10|0x0000000080a00000, 0x0000000080b00000, 0x0000000080b00000|100%| O|  |TAMS 0x0000000080b00000, 0x0000000080a00000| Untracked 
|  11|0x0000000080b00000, 0x0000000080c00000, 0x0000000080c00000|100%| O|  |TAMS 0x0000000080c00000, 0x0000000080b00000| Untracked 
|  12|0x0000000080c00000, 0x0000000080d00000, 0x0000000080d00000|100%| O|  |TAMS 0x0000000080d00000, 0x0000000080c00000| Untracked 
|  13|0x0000000080d00000, 0x0000000080e00000, 0x0000000080e00000|100%| O|  |TAMS 0x0000000080e00000, 0x0000000080d00000| Untracked 
|  14|0x0000000080e00000, 0x0000000080f00000, 0x0000000080f00000|100%| O|  |TAMS 0x0000000080f00000, 0x0000000080e00000| Untracked 
|  15|0x0000000080f00000, 0x0000000081000000, 0x0000000081000000|100%| O|  |TAMS 0x0000000081000000, 0x0000000080f00000| Untracked 
|  16|0x0000000081000000, 0x0000000081100000, 0x0000000081100000|100%| O|  |TAMS 0x0000000081100000, 0x0000000081000000| Untracked 
|  17|0x0000000081100000, 0x0000000081200000, 0x0000000081200000|100%| O|  |TAMS 0x0000000081200000, 0x0000000081100000| Untracked 
|  18|0x0000000081200000, 0x0000000081300000, 0x0000000081300000|100%| O|  |TAMS 0x0000000081300000, 0x0000000081200000| Untracked 
|  19|0x0000000081300000, 0x0000000081400000, 0x0000000081400000|100%| O|  |TAMS 0x0000000081400000, 0x0000000081300000| Untracked 
|  20|0x0000000081400000, 0x0000000081500000, 0x0000000081500000|100%| O|  |TAMS 0x0000000081500000, 0x0000000081400000| Untracked 
|  21|0x0000000081500000, 0x0000000081600000, 0x0000000081600000|100%| O|  |TAMS 0x0000000081600000, 0x0000000081500000| Untracked 
|  22|0x0000000081600000, 0x0000000081700000, 0x0000000081700000|100%| O|  |TAMS 0x0000000081700000, 0x0000000081600000| Untracked 
|  23|0x0000000081700000, 0x0000000081800000, 0x0000000081800000|100%| O|  |TAMS 0x0000000081800000, 0x0000000081700000| Untracked 
|  24|0x0000000081800000, 0x0000000081900000, 0x0000000081900000|100%| O|  |TAMS 0x0000000081900000, 0x0000000081800000| Untracked 
|  25|0x0000000081900000, 0x0000000081a00000, 0x0000000081a00000|100%| O|  |TAMS 0x0000000081a00000, 0x0000000081900000| Untracked 
|  26|0x0000000081a00000, 0x0000000081b00000, 0x0000000081b00000|100%| O|  |TAMS 0x0000000081b00000, 0x0000000081a00000| Untracked 
|  27|0x0000000081b00000, 0x0000000081c00000, 0x0000000081c00000|100%| O|  |TAMS 0x0000000081c00000, 0x0000000081b00000| Untracked 
|  28|0x0000000081c00000, 0x0000000081d00000, 0x0000000081d00000|100%| O|  |TAMS 0x0000000081d00000, 0x0000000081c00000| Untracked 
|  29|0x0000000081d00000, 0x0000000081e00000, 0x0000000081e00000|100%| O|  |TAMS 0x0000000081e00000, 0x0000000081d00000| Untracked 
|  30|0x0000000081e00000, 0x0000000081f00000, 0x0000000081f00000|100%|HS|  |TAMS 0x0000000081e00000, 0x0000000081e00000| Complete 
|  31|0x0000000081f00000, 0x0000000082000000, 0x0000000082000000|100%|HS|  |TAMS 0x0000000082000000, 0x0000000081f00000| Complete 
|  32|0x0000000082000000, 0x0000000082100000, 0x0000000082100000|100%|HC|  |TAMS 0x0000000082100000, 0x0000000082000000| Complete 
|  33|0x0000000082100000, 0x0000000082200000, 0x0000000082200000|100%|HS|  |TAMS 0x0000000082200000, 0x0000000082100000| Complete 
|  34|0x0000000082200000, 0x0000000082300000, 0x0000000082300000|100%|HC|  |TAMS 0x0000000082300000, 0x0000000082200000| Complete 
|  35|0x0000000082300000, 0x0000000082400000, 0x0000000082400000|100%| O|  |TAMS 0x0000000082400000, 0x0000000082300000| Untracked 
|  36|0x0000000082400000, 0x0000000082500000, 0x0000000082500000|100%| O|  |TAMS 0x0000000082500000, 0x0000000082400000| Untracked 
|  37|0x0000000082500000, 0x0000000082600000, 0x0000000082600000|100%| O|  |TAMS 0x0000000082600000, 0x0000000082500000| Untracked 
|  38|0x0000000082600000, 0x0000000082700000, 0x0000000082700000|100%| O|  |TAMS 0x0000000082700000, 0x0000000082600000| Untracked 
|  39|0x0000000082700000, 0x0000000082800000, 0x0000000082800000|100%| O|  |TAMS 0x0000000082800000, 0x0000000082700000| Untracked 
|  40|0x0000000082800000, 0x0000000082900000, 0x0000000082900000|100%| O|  |TAMS 0x0000000082900000, 0x0000000082800000| Untracked 
|  41|0x0000000082900000, 0x0000000082a00000, 0x0000000082a00000|100%| O|  |TAMS 0x0000000082a00000, 0x0000000082900000| Untracked 
|  42|0x0000000082a00000, 0x0000000082b00000, 0x0000000082b00000|100%| O|  |TAMS 0x0000000082b00000, 0x0000000082a00000| Untracked 
|  43|0x0000000082b00000, 0x0000000082c00000, 0x0000000082c00000|100%| O|  |TAMS 0x0000000082c00000, 0x0000000082b00000| Untracked 
|  44|0x0000000082c00000, 0x0000000082d00000, 0x0000000082d00000|100%|HS|  |TAMS 0x0000000082d00000, 0x0000000082c00000| Complete 
|  45|0x0000000082d00000, 0x0000000082e00000, 0x0000000082e00000|100%|HC|  |TAMS 0x0000000082e00000, 0x0000000082d00000| Complete 
|  46|0x0000000082e00000, 0x0000000082f00000, 0x0000000082f00000|100%|HC|  |TAMS 0x0000000082f00000, 0x0000000082e00000| Complete 
|  47|0x0000000082f00000, 0x0000000083000000, 0x0000000083000000|100%|HC|  |TAMS 0x0000000083000000, 0x0000000082f00000| Complete 
|  48|0x0000000083000000, 0x0000000083100000, 0x0000000083100000|100%| O|  |TAMS 0x0000000083100000, 0x0000000083000000| Untracked 
|  49|0x0000000083100000, 0x0000000083200000, 0x0000000083200000|100%| O|  |TAMS 0x0000000083200000, 0x0000000083100000| Untracked 
|  50|0x0000000083200000, 0x0000000083300000, 0x0000000083300000|100%| O|  |TAMS 0x0000000083300000, 0x0000000083200000| Untracked 
|  51|0x0000000083300000, 0x0000000083400000, 0x0000000083400000|100%|HS|  |TAMS 0x0000000083400000, 0x0000000083300000| Complete 
|  52|0x0000000083400000, 0x0000000083500000, 0x0000000083500000|100%|HC|  |TAMS 0x0000000083500000, 0x0000000083400000| Complete 
|  53|0x0000000083500000, 0x0000000083600000, 0x0000000083600000|100%|HC|  |TAMS 0x0000000083600000, 0x0000000083500000| Complete 
|  54|0x0000000083600000, 0x0000000083700000, 0x0000000083700000|100%|HC|  |TAMS 0x0000000083700000, 0x0000000083600000| Complete 
|  55|0x0000000083700000, 0x0000000083800000, 0x0000000083800000|100%| O|  |TAMS 0x0000000083800000, 0x0000000083700000| Untracked 
|  56|0x0000000083800000, 0x0000000083900000, 0x0000000083900000|100%| O|  |TAMS 0x0000000083900000, 0x0000000083800000| Untracked 
|  57|0x0000000083900000, 0x0000000083a00000, 0x0000000083a00000|100%| O|  |TAMS 0x0000000083a00000, 0x0000000083900000| Untracked 
|  58|0x0000000083a00000, 0x0000000083b00000, 0x0000000083b00000|100%| O|  |TAMS 0x0000000083b00000, 0x0000000083a00000| Untracked 
|  59|0x0000000083b00000, 0x0000000083c00000, 0x0000000083c00000|100%| O|  |TAMS 0x0000000083c00000, 0x0000000083b00000| Untracked 
|  60|0x0000000083c00000, 0x0000000083d00000, 0x0000000083d00000|100%| O|  |TAMS 0x0000000083d00000, 0x0000000083c00000| Untracked 
|  61|0x0000000083d00000, 0x0000000083e00000, 0x0000000083e00000|100%| O|  |TAMS 0x0000000083e00000, 0x0000000083d00000| Untracked 
|  62|0x0000000083e00000, 0x0000000083f00000, 0x0000000083f00000|100%| O|  |TAMS 0x0000000083f00000, 0x0000000083e00000| Untracked 
|  63|0x0000000083f00000, 0x0000000084000000, 0x0000000084000000|100%| O|  |TAMS 0x0000000084000000, 0x0000000083f00000| Untracked 
|  64|0x0000000084000000, 0x0000000084100000, 0x0000000084100000|100%| O|  |TAMS 0x0000000084100000, 0x0000000084000000| Untracked 
|  65|0x0000000084100000, 0x0000000084200000, 0x0000000084200000|100%| O|  |TAMS 0x0000000084200000, 0x0000000084100000| Untracked 
|  66|0x0000000084200000, 0x0000000084300000, 0x0000000084300000|100%|HS|  |TAMS 0x0000000084200000, 0x0000000084200000| Complete 
|  67|0x0000000084300000, 0x0000000084400000, 0x0000000084400000|100%|HS|  |TAMS 0x0000000084400000, 0x0000000084300000| Complete 
|  68|0x0000000084400000, 0x0000000084500000, 0x0000000084500000|100%|HS|  |TAMS 0x0000000084500000, 0x0000000084400000| Complete 
|  69|0x0000000084500000, 0x0000000084600000, 0x0000000084600000|100%|HS|  |TAMS 0x0000000084600000, 0x0000000084500000| Complete 
|  70|0x0000000084600000, 0x0000000084700000, 0x0000000084700000|100%|HS|  |TAMS 0x0000000084700000, 0x0000000084600000| Complete 
|  71|0x0000000084700000, 0x0000000084800000, 0x0000000084800000|100%| O|  |TAMS 0x0000000084800000, 0x0000000084700000| Untracked 
|  72|0x0000000084800000, 0x0000000084900000, 0x0000000084900000|100%| O|  |TAMS 0x0000000084900000, 0x0000000084800000| Untracked 
|  73|0x0000000084900000, 0x0000000084a00000, 0x0000000084a00000|100%| O|  |TAMS 0x0000000084a00000, 0x0000000084900000| Untracked 
|  74|0x0000000084a00000, 0x0000000084b00000, 0x0000000084b00000|100%| O|  |TAMS 0x0000000084b00000, 0x0000000084a00000| Untracked 
|  75|0x0000000084b00000, 0x0000000084c00000, 0x0000000084c00000|100%| O|  |TAMS 0x0000000084c00000, 0x0000000084b00000| Untracked 
|  76|0x0000000084c00000, 0x0000000084d00000, 0x0000000084d00000|100%| O|  |TAMS 0x0000000084d00000, 0x0000000084c00000| Untracked 
|  77|0x0000000084d00000, 0x0000000084e00000, 0x0000000084e00000|100%| O|  |TAMS 0x0000000084e00000, 0x0000000084d00000| Untracked 
|  78|0x0000000084e00000, 0x0000000084f00000, 0x0000000084f00000|100%| O|  |TAMS 0x0000000084f00000, 0x0000000084e00000| Untracked 
|  79|0x0000000084f00000, 0x0000000085000000, 0x0000000085000000|100%| O|  |TAMS 0x0000000085000000, 0x0000000084f00000| Untracked 
|  80|0x0000000085000000, 0x0000000085100000, 0x0000000085100000|100%| O|  |TAMS 0x0000000085100000, 0x0000000085000000| Untracked 
|  81|0x0000000085100000, 0x0000000085200000, 0x0000000085200000|100%| O|  |TAMS 0x0000000085200000, 0x0000000085100000| Untracked 
|  82|0x0000000085200000, 0x0000000085300000, 0x0000000085300000|100%| O|  |TAMS 0x0000000085300000, 0x0000000085200000| Untracked 
|  83|0x0000000085300000, 0x0000000085400000, 0x0000000085400000|100%| O|  |TAMS 0x0000000085400000, 0x0000000085300000| Untracked 
|  84|0x0000000085400000, 0x0000000085500000, 0x0000000085500000|100%| O|  |TAMS 0x0000000085500000, 0x0000000085400000| Untracked 
|  85|0x0000000085500000, 0x0000000085600000, 0x0000000085600000|100%| O|  |TAMS 0x0000000085600000, 0x0000000085500000| Untracked 
|  86|0x0000000085600000, 0x0000000085700000, 0x0000000085700000|100%| O|  |TAMS 0x0000000085700000, 0x0000000085600000| Untracked 
|  87|0x0000000085700000, 0x0000000085800000, 0x0000000085800000|100%| O|  |TAMS 0x0000000085800000, 0x0000000085700000| Untracked 
|  88|0x0000000085800000, 0x0000000085900000, 0x0000000085900000|100%| O|  |TAMS 0x0000000085900000, 0x0000000085800000| Untracked 
|  89|0x0000000085900000, 0x0000000085a00000, 0x0000000085a00000|100%| O|  |TAMS 0x0000000085a00000, 0x0000000085900000| Untracked 
|  90|0x0000000085a00000, 0x0000000085b00000, 0x0000000085b00000|100%| O|  |TAMS 0x0000000085b00000, 0x0000000085a00000| Untracked 
|  91|0x0000000085b00000, 0x0000000085c00000, 0x0000000085c00000|100%| O|  |TAMS 0x0000000085bff000, 0x0000000085b00000| Untracked 
|  92|0x0000000085c00000, 0x0000000085d00000, 0x0000000085d00000|100%|HS|  |TAMS 0x0000000085c00000, 0x0000000085c00000| Complete 
|  93|0x0000000085d00000, 0x0000000085e00000, 0x0000000085e00000|100%|HC|  |TAMS 0x0000000085d00000, 0x0000000085d00000| Complete 
|  94|0x0000000085e00000, 0x0000000085f00000, 0x0000000085f00000|100%| O|  |TAMS 0x0000000085e00000, 0x0000000085e00000| Untracked 
|  95|0x0000000085f00000, 0x0000000086000000, 0x0000000086000000|100%| O|  |TAMS 0x0000000085f00000, 0x0000000085f00000| Untracked 
|  96|0x0000000086000000, 0x0000000086100000, 0x0000000086100000|100%| O|  |TAMS 0x0000000086000000, 0x0000000086000000| Untracked 
|  97|0x0000000086100000, 0x0000000086200000, 0x0000000086200000|100%| O|  |TAMS 0x0000000086100000, 0x0000000086100000| Untracked 
|  98|0x0000000086200000, 0x0000000086300000, 0x0000000086300000|100%| O|  |TAMS 0x0000000086200000, 0x0000000086200000| Untracked 
|  99|0x0000000086300000, 0x0000000086400000, 0x0000000086400000|100%| O|  |TAMS 0x0000000086300000, 0x0000000086300000| Untracked 
| 100|0x0000000086400000, 0x0000000086500000, 0x0000000086500000|100%| O|  |TAMS 0x0000000086400000, 0x0000000086400000| Untracked 
| 101|0x0000000086500000, 0x0000000086600000, 0x0000000086600000|100%| O|  |TAMS 0x0000000086500000, 0x0000000086500000| Untracked 
| 102|0x0000000086600000, 0x0000000086700000, 0x0000000086700000|100%| O|  |TAMS 0x0000000086600000, 0x0000000086600000| Untracked 
| 103|0x0000000086700000, 0x0000000086800000, 0x0000000086800000|100%| O|  |TAMS 0x0000000086700000, 0x0000000086700000| Untracked 
| 104|0x0000000086800000, 0x0000000086900000, 0x0000000086900000|100%| O|  |TAMS 0x0000000086800000, 0x0000000086800000| Untracked 
| 105|0x0000000086900000, 0x0000000086a00000, 0x0000000086a00000|100%| O|  |TAMS 0x0000000086900000, 0x0000000086900000| Untracked 
| 106|0x0000000086a00000, 0x0000000086b00000, 0x0000000086b00000|100%| O|  |TAMS 0x0000000086a00000, 0x0000000086a00000| Untracked 
| 107|0x0000000086b00000, 0x0000000086c00000, 0x0000000086c00000|100%| O|  |TAMS 0x0000000086b00000, 0x0000000086b00000| Untracked 
| 108|0x0000000086c00000, 0x0000000086d00000, 0x0000000086d00000|100%| O|  |TAMS 0x0000000086c00000, 0x0000000086c00000| Untracked 
| 109|0x0000000086d00000, 0x0000000086e00000, 0x0000000086e00000|100%| O|  |TAMS 0x0000000086d00000, 0x0000000086d00000| Untracked 
| 110|0x0000000086e00000, 0x0000000086f00000, 0x0000000086f00000|100%|HS|  |TAMS 0x0000000086e00000, 0x0000000086e00000| Complete 
| 111|0x0000000086f00000, 0x0000000087000000, 0x0000000087000000|100%|HS|  |TAMS 0x0000000086f00000, 0x0000000086f00000| Complete 
| 112|0x0000000087000000, 0x0000000087100000, 0x0000000087100000|100%|HS|  |TAMS 0x0000000087000000, 0x0000000087000000| Complete 
| 113|0x0000000087100000, 0x0000000087200000, 0x0000000087200000|100%| O|  |TAMS 0x0000000087100000, 0x0000000087100000| Untracked 
| 114|0x0000000087200000, 0x0000000087300000, 0x0000000087300000|100%| O|  |TAMS 0x0000000087200000, 0x0000000087200000| Untracked 
| 115|0x0000000087300000, 0x0000000087400000, 0x0000000087400000|100%| O|  |TAMS 0x0000000087300000, 0x0000000087300000| Untracked 
| 116|0x0000000087400000, 0x0000000087500000, 0x0000000087500000|100%| O|  |TAMS 0x0000000087400000, 0x0000000087400000| Untracked 
| 117|0x0000000087500000, 0x0000000087600000, 0x0000000087600000|100%| O|  |TAMS 0x0000000087500000, 0x0000000087500000| Untracked 
| 118|0x0000000087600000, 0x0000000087700000, 0x0000000087700000|100%| O|  |TAMS 0x0000000087600000, 0x0000000087600000| Untracked 
| 119|0x0000000087700000, 0x0000000087800000, 0x0000000087800000|100%| O|  |TAMS 0x0000000087700000, 0x0000000087700000| Untracked 
| 120|0x0000000087800000, 0x0000000087900000, 0x0000000087900000|100%| O|  |TAMS 0x0000000087800000, 0x0000000087800000| Untracked 
| 121|0x0000000087900000, 0x0000000087a00000, 0x0000000087a00000|100%| O|  |TAMS 0x0000000087900000, 0x0000000087900000| Untracked 
| 122|0x0000000087a00000, 0x0000000087b00000, 0x0000000087b00000|100%| O|  |TAMS 0x0000000087a00000, 0x0000000087a00000| Untracked 
| 123|0x0000000087b00000, 0x0000000087c00000, 0x0000000087c00000|100%| O|  |TAMS 0x0000000087b00000, 0x0000000087b00000| Untracked 
| 124|0x0000000087c00000, 0x0000000087d00000, 0x0000000087d00000|100%| O|  |TAMS 0x0000000087c00000, 0x0000000087c00000| Untracked 
| 125|0x0000000087d00000, 0x0000000087e00000, 0x0000000087e00000|100%| O|  |TAMS 0x0000000087d00000, 0x0000000087d00000| Untracked 
| 126|0x0000000087e00000, 0x0000000087f00000, 0x0000000087f00000|100%| O|  |TAMS 0x0000000087e00000, 0x0000000087e00000| Untracked 
| 127|0x0000000087f00000, 0x0000000088000000, 0x0000000088000000|100%| O|  |TAMS 0x0000000087f00000, 0x0000000087f00000| Untracked 
| 128|0x0000000088000000, 0x0000000088100000, 0x0000000088100000|100%| O|  |TAMS 0x0000000088000000, 0x0000000088000000| Untracked 
| 129|0x0000000088100000, 0x0000000088200000, 0x0000000088200000|100%| O|  |TAMS 0x0000000088100000, 0x0000000088100000| Untracked 
| 130|0x0000000088200000, 0x0000000088300000, 0x0000000088300000|100%| O|  |TAMS 0x0000000088200000, 0x0000000088200000| Untracked 
| 131|0x0000000088300000, 0x0000000088400000, 0x0000000088400000|100%| O|  |TAMS 0x0000000088300000, 0x0000000088300000| Untracked 
| 132|0x0000000088400000, 0x0000000088500000, 0x0000000088500000|100%| O|  |TAMS 0x0000000088400000, 0x0000000088400000| Untracked 
| 133|0x0000000088500000, 0x0000000088600000, 0x0000000088600000|100%| O|  |TAMS 0x0000000088500000, 0x0000000088500000| Untracked 
| 134|0x0000000088600000, 0x0000000088700000, 0x0000000088700000|100%| O|  |TAMS 0x0000000088600000, 0x0000000088600000| Untracked 
| 135|0x0000000088700000, 0x0000000088800000, 0x0000000088800000|100%| O|  |TAMS 0x0000000088700000, 0x0000000088700000| Untracked 
| 136|0x0000000088800000, 0x0000000088900000, 0x0000000088900000|100%| O|  |TAMS 0x0000000088800000, 0x0000000088800000| Untracked 
| 137|0x0000000088900000, 0x0000000088a00000, 0x0000000088a00000|100%| O|  |TAMS 0x0000000088900000, 0x0000000088900000| Untracked 
| 138|0x0000000088a00000, 0x0000000088b00000, 0x0000000088b00000|100%| O|  |TAMS 0x0000000088a00000, 0x0000000088a00000| Untracked 
| 139|0x0000000088b00000, 0x0000000088c00000, 0x0000000088c00000|100%| O|  |TAMS 0x0000000088b00000, 0x0000000088b00000| Untracked 
| 140|0x0000000088c00000, 0x0000000088d00000, 0x0000000088d00000|100%| O|  |TAMS 0x0000000088c00000, 0x0000000088c00000| Untracked 
| 141|0x0000000088d00000, 0x0000000088e00000, 0x0000000088e00000|100%| O|  |TAMS 0x0000000088d00000, 0x0000000088d00000| Untracked 
| 142|0x0000000088e00000, 0x0000000088f00000, 0x0000000088f00000|100%| O|  |TAMS 0x0000000088e00000, 0x0000000088e00000| Untracked 
| 143|0x0000000088f00000, 0x0000000089000000, 0x0000000089000000|100%| O|  |TAMS 0x0000000088f00000, 0x0000000088f00000| Untracked 
| 144|0x0000000089000000, 0x0000000089100000, 0x0000000089100000|100%| O|  |TAMS 0x0000000089000000, 0x0000000089000000| Untracked 
| 145|0x0000000089100000, 0x0000000089200000, 0x0000000089200000|100%| O|  |TAMS 0x0000000089100000, 0x0000000089100000| Untracked 
| 146|0x0000000089200000, 0x0000000089300000, 0x0000000089300000|100%| O|  |TAMS 0x0000000089200000, 0x0000000089200000| Untracked 
| 147|0x0000000089300000, 0x0000000089400000, 0x0000000089400000|100%| O|  |TAMS 0x0000000089300000, 0x0000000089300000| Untracked 
| 148|0x0000000089400000, 0x0000000089500000, 0x0000000089500000|100%| O|  |TAMS 0x0000000089400000, 0x0000000089400000| Untracked 
| 149|0x0000000089500000, 0x0000000089600000, 0x0000000089600000|100%| O|  |TAMS 0x0000000089500000, 0x0000000089500000| Untracked 
| 150|0x0000000089600000, 0x0000000089700000, 0x0000000089700000|100%| O|  |TAMS 0x0000000089600000, 0x0000000089600000| Untracked 
| 151|0x0000000089700000, 0x0000000089800000, 0x0000000089800000|100%| O|  |TAMS 0x0000000089700000, 0x0000000089700000| Untracked 
| 152|0x0000000089800000, 0x0000000089900000, 0x0000000089900000|100%| O|  |TAMS 0x0000000089800000, 0x0000000089800000| Untracked 
| 153|0x0000000089900000, 0x0000000089a00000, 0x0000000089a00000|100%| O|  |TAMS 0x0000000089900000, 0x0000000089900000| Untracked 
| 154|0x0000000089a00000, 0x0000000089b00000, 0x0000000089b00000|100%| O|  |TAMS 0x0000000089a00000, 0x0000000089a00000| Untracked 
| 155|0x0000000089b00000, 0x0000000089c00000, 0x0000000089c00000|100%|HS|  |TAMS 0x0000000089b00000, 0x0000000089b00000| Complete 
| 156|0x0000000089c00000, 0x0000000089d00000, 0x0000000089d00000|100%|HC|  |TAMS 0x0000000089c00000, 0x0000000089c00000| Complete 
| 157|0x0000000089d00000, 0x0000000089e00000, 0x0000000089e00000|100%|HS|  |TAMS 0x0000000089d00000, 0x0000000089d00000| Complete 
| 158|0x0000000089e00000, 0x0000000089f00000, 0x0000000089f00000|100%|HC|  |TAMS 0x0000000089e00000, 0x0000000089e00000| Complete 
| 159|0x0000000089f00000, 0x0000000089f00000, 0x000000008a000000|  0%| F|  |TAMS 0x0000000089f00000, 0x0000000089f00000| Untracked 
| 160|0x000000008a000000, 0x000000008a000000, 0x000000008a100000|  0%| F|  |TAMS 0x000000008a000000, 0x000000008a000000| Untracked 
| 161|0x000000008a100000, 0x000000008a100000, 0x000000008a200000|  0%| F|  |TAMS 0x000000008a100000, 0x000000008a100000| Untracked 
| 162|0x000000008a200000, 0x000000008a200000, 0x000000008a300000|  0%| F|  |TAMS 0x000000008a200000, 0x000000008a200000| Untracked 
| 163|0x000000008a300000, 0x000000008a400000, 0x000000008a400000|100%| O|  |TAMS 0x000000008a300000, 0x000000008a300000| Untracked 
| 164|0x000000008a400000, 0x000000008a500000, 0x000000008a500000|100%| O|  |TAMS 0x000000008a400000, 0x000000008a400000| Untracked 
| 165|0x000000008a500000, 0x000000008a600000, 0x000000008a600000|100%| O|  |TAMS 0x000000008a500000, 0x000000008a500000| Untracked 
| 166|0x000000008a600000, 0x000000008a700000, 0x000000008a700000|100%| O|  |TAMS 0x000000008a600000, 0x000000008a600000| Untracked 
| 167|0x000000008a700000, 0x000000008a800000, 0x000000008a800000|100%| O|  |TAMS 0x000000008a700000, 0x000000008a700000| Untracked 
| 168|0x000000008a800000, 0x000000008a900000, 0x000000008a900000|100%| O|  |TAMS 0x000000008a800000, 0x000000008a800000| Untracked 
| 169|0x000000008a900000, 0x000000008a900000, 0x000000008aa00000|  0%| F|  |TAMS 0x000000008a900000, 0x000000008a900000| Untracked 
| 170|0x000000008aa00000, 0x000000008aa00000, 0x000000008ab00000|  0%| F|  |TAMS 0x000000008aa00000, 0x000000008aa00000| Untracked 
| 171|0x000000008ab00000, 0x000000008ab00000, 0x000000008ac00000|  0%| F|  |TAMS 0x000000008ab00000, 0x000000008ab00000| Untracked 
| 172|0x000000008ac00000, 0x000000008ac00000, 0x000000008ad00000|  0%| F|  |TAMS 0x000000008ac00000, 0x000000008ac00000| Untracked 
| 173|0x000000008ad00000, 0x000000008ae00000, 0x000000008ae00000|100%| O|  |TAMS 0x000000008ad00000, 0x000000008ad00000| Untracked 
| 174|0x000000008ae00000, 0x000000008af00000, 0x000000008af00000|100%| O|  |TAMS 0x000000008ae00000, 0x000000008ae00000| Untracked 
| 175|0x000000008af00000, 0x000000008b000000, 0x000000008b000000|100%| O|  |TAMS 0x000000008af00000, 0x000000008af00000| Untracked 
| 176|0x000000008b000000, 0x000000008b100000, 0x000000008b100000|100%| O|  |TAMS 0x000000008b000000, 0x000000008b000000| Untracked 
| 177|0x000000008b100000, 0x000000008b200000, 0x000000008b200000|100%| O|  |TAMS 0x000000008b100000, 0x000000008b100000| Untracked 
| 178|0x000000008b200000, 0x000000008b300000, 0x000000008b300000|100%| O|  |TAMS 0x000000008b200000, 0x000000008b200000| Untracked 
| 179|0x000000008b300000, 0x000000008b387200, 0x000000008b400000| 52%| O|  |TAMS 0x000000008b300000, 0x000000008b300000| Untracked 
| 180|0x000000008b400000, 0x000000008b400000, 0x000000008b500000|  0%| F|  |TAMS 0x000000008b400000, 0x000000008b400000| Untracked 
| 181|0x000000008b500000, 0x000000008b500000, 0x000000008b600000|  0%| F|  |TAMS 0x000000008b500000, 0x000000008b500000| Untracked 
| 182|0x000000008b600000, 0x000000008b600000, 0x000000008b700000|  0%| F|  |TAMS 0x000000008b600000, 0x000000008b600000| Untracked 
| 183|0x000000008b700000, 0x000000008b700000, 0x000000008b800000|  0%| F|  |TAMS 0x000000008b700000, 0x000000008b700000| Untracked 
| 184|0x000000008b800000, 0x000000008b800000, 0x000000008b900000|  0%| F|  |TAMS 0x000000008b800000, 0x000000008b800000| Untracked 
| 185|0x000000008b900000, 0x000000008b900000, 0x000000008ba00000|  0%| F|  |TAMS 0x000000008b900000, 0x000000008b900000| Untracked 
| 186|0x000000008ba00000, 0x000000008ba00000, 0x000000008bb00000|  0%| F|  |TAMS 0x000000008ba00000, 0x000000008ba00000| Untracked 
| 187|0x000000008bb00000, 0x000000008bb00000, 0x000000008bc00000|  0%| F|  |TAMS 0x000000008bb00000, 0x000000008bb00000| Untracked 
| 188|0x000000008bc00000, 0x000000008bc00000, 0x000000008bd00000|  0%| F|  |TAMS 0x000000008bc00000, 0x000000008bc00000| Untracked 
| 189|0x000000008bd00000, 0x000000008bd00000, 0x000000008be00000|  0%| F|  |TAMS 0x000000008bd00000, 0x000000008bd00000| Untracked 
| 190|0x000000008be00000, 0x000000008be00000, 0x000000008bf00000|  0%| F|  |TAMS 0x000000008be00000, 0x000000008be00000| Untracked 
| 191|0x000000008bf00000, 0x000000008bf00000, 0x000000008c000000|  0%| F|  |TAMS 0x000000008bf00000, 0x000000008bf00000| Untracked 
| 192|0x000000008c000000, 0x000000008c000000, 0x000000008c100000|  0%| F|  |TAMS 0x000000008c000000, 0x000000008c000000| Untracked 
| 193|0x000000008c100000, 0x000000008c100000, 0x000000008c200000|  0%| F|  |TAMS 0x000000008c100000, 0x000000008c100000| Untracked 
| 194|0x000000008c200000, 0x000000008c200000, 0x000000008c300000|  0%| F|  |TAMS 0x000000008c200000, 0x000000008c200000| Untracked 
| 195|0x000000008c300000, 0x000000008c300000, 0x000000008c400000|  0%| F|  |TAMS 0x000000008c300000, 0x000000008c300000| Untracked 
| 196|0x000000008c400000, 0x000000008c400000, 0x000000008c500000|  0%| F|  |TAMS 0x000000008c400000, 0x000000008c400000| Untracked 
| 197|0x000000008c500000, 0x000000008c500000, 0x000000008c600000|  0%| F|  |TAMS 0x000000008c500000, 0x000000008c500000| Untracked 
| 198|0x000000008c600000, 0x000000008c600000, 0x000000008c700000|  0%| F|  |TAMS 0x000000008c600000, 0x000000008c600000| Untracked 
| 199|0x000000008c700000, 0x000000008c700000, 0x000000008c800000|  0%| F|  |TAMS 0x000000008c700000, 0x000000008c700000| Untracked 
| 200|0x000000008c800000, 0x000000008c800000, 0x000000008c900000|  0%| F|  |TAMS 0x000000008c800000, 0x000000008c800000| Untracked 
| 201|0x000000008c900000, 0x000000008c900000, 0x000000008ca00000|  0%| F|  |TAMS 0x000000008c900000, 0x000000008c900000| Untracked 
| 202|0x000000008ca00000, 0x000000008ca00000, 0x000000008cb00000|  0%| F|  |TAMS 0x000000008ca00000, 0x000000008ca00000| Untracked 
| 203|0x000000008cb00000, 0x000000008cb00000, 0x000000008cc00000|  0%| F|  |TAMS 0x000000008cb00000, 0x000000008cb00000| Untracked 
| 204|0x000000008cc00000, 0x000000008cc00000, 0x000000008cd00000|  0%| F|  |TAMS 0x000000008cc00000, 0x000000008cc00000| Untracked 
| 205|0x000000008cd00000, 0x000000008cd00000, 0x000000008ce00000|  0%| F|  |TAMS 0x000000008cd00000, 0x000000008cd00000| Untracked 
| 206|0x000000008ce00000, 0x000000008cef4230, 0x000000008cf00000| 95%| S|CS|TAMS 0x000000008ce00000, 0x000000008ce00000| Complete 
| 207|0x000000008cf00000, 0x000000008d000000, 0x000000008d000000|100%| S|CS|TAMS 0x000000008cf00000, 0x000000008cf00000| Complete 
| 208|0x000000008d000000, 0x000000008d000000, 0x000000008d100000|  0%| F|  |TAMS 0x000000008d000000, 0x000000008d000000| Untracked 
| 209|0x000000008d100000, 0x000000008d100000, 0x000000008d200000|  0%| F|  |TAMS 0x000000008d100000, 0x000000008d100000| Untracked 
| 210|0x000000008d200000, 0x000000008d200000, 0x000000008d300000|  0%| F|  |TAMS 0x000000008d200000, 0x000000008d200000| Untracked 
| 211|0x000000008d300000, 0x000000008d300000, 0x000000008d400000|  0%| F|  |TAMS 0x000000008d300000, 0x000000008d300000| Untracked 
| 212|0x000000008d400000, 0x000000008d500000, 0x000000008d500000|100%| S|CS|TAMS 0x000000008d400000, 0x000000008d400000| Complete 
| 213|0x000000008d500000, 0x000000008d600000, 0x000000008d600000|100%| S|CS|TAMS 0x000000008d500000, 0x000000008d500000| Complete 
| 214|0x000000008d600000, 0x000000008d700000, 0x000000008d700000|100%| S|CS|TAMS 0x000000008d600000, 0x000000008d600000| Complete 
| 215|0x000000008d700000, 0x000000008d800000, 0x000000008d800000|100%| S|CS|TAMS 0x000000008d700000, 0x000000008d700000| Complete 
| 216|0x000000008d800000, 0x000000008d800000, 0x000000008d900000|  0%| F|  |TAMS 0x000000008d800000, 0x000000008d800000| Untracked 
| 217|0x000000008d900000, 0x000000008d900000, 0x000000008da00000|  0%| F|  |TAMS 0x000000008d900000, 0x000000008d900000| Untracked 
| 218|0x000000008da00000, 0x000000008da00000, 0x000000008db00000|  0%| F|  |TAMS 0x000000008da00000, 0x000000008da00000| Untracked 
| 219|0x000000008db00000, 0x000000008db00000, 0x000000008dc00000|  0%| F|  |TAMS 0x000000008db00000, 0x000000008db00000| Untracked 
| 220|0x000000008dc00000, 0x000000008dc00000, 0x000000008dd00000|  0%| F|  |TAMS 0x000000008dc00000, 0x000000008dc00000| Untracked 
| 221|0x000000008dd00000, 0x000000008dd00000, 0x000000008de00000|  0%| F|  |TAMS 0x000000008dd00000, 0x000000008dd00000| Untracked 
| 222|0x000000008de00000, 0x000000008de00000, 0x000000008df00000|  0%| F|  |TAMS 0x000000008de00000, 0x000000008de00000| Untracked 
| 223|0x000000008df00000, 0x000000008df00000, 0x000000008e000000|  0%| F|  |TAMS 0x000000008df00000, 0x000000008df00000| Untracked 
| 224|0x000000008e000000, 0x000000008e000000, 0x000000008e100000|  0%| F|  |TAMS 0x000000008e000000, 0x000000008e000000| Untracked 
| 225|0x000000008e100000, 0x000000008e100000, 0x000000008e200000|  0%| F|  |TAMS 0x000000008e100000, 0x000000008e100000| Untracked 
| 226|0x000000008e200000, 0x000000008e200000, 0x000000008e300000|  0%| F|  |TAMS 0x000000008e200000, 0x000000008e200000| Untracked 
| 227|0x000000008e300000, 0x000000008e300000, 0x000000008e400000|  0%| F|  |TAMS 0x000000008e300000, 0x000000008e300000| Untracked 
| 228|0x000000008e400000, 0x000000008e400000, 0x000000008e500000|  0%| F|  |TAMS 0x000000008e400000, 0x000000008e400000| Untracked 
| 229|0x000000008e500000, 0x000000008e500000, 0x000000008e600000|  0%| F|  |TAMS 0x000000008e500000, 0x000000008e500000| Untracked 
| 230|0x000000008e600000, 0x000000008e600000, 0x000000008e700000|  0%| F|  |TAMS 0x000000008e600000, 0x000000008e600000| Untracked 
| 231|0x000000008e700000, 0x000000008e700000, 0x000000008e800000|  0%| F|  |TAMS 0x000000008e700000, 0x000000008e700000| Untracked 
| 232|0x000000008e800000, 0x000000008e800000, 0x000000008e900000|  0%| F|  |TAMS 0x000000008e800000, 0x000000008e800000| Untracked 
| 233|0x000000008e900000, 0x000000008e900000, 0x000000008ea00000|  0%| F|  |TAMS 0x000000008e900000, 0x000000008e900000| Untracked 
| 234|0x000000008ea00000, 0x000000008ea00000, 0x000000008eb00000|  0%| F|  |TAMS 0x000000008ea00000, 0x000000008ea00000| Untracked 
| 235|0x000000008eb00000, 0x000000008eb00000, 0x000000008ec00000|  0%| F|  |TAMS 0x000000008eb00000, 0x000000008eb00000| Untracked 
| 236|0x000000008ec00000, 0x000000008ec00000, 0x000000008ed00000|  0%| F|  |TAMS 0x000000008ec00000, 0x000000008ec00000| Untracked 
| 237|0x000000008ed00000, 0x000000008ed00000, 0x000000008ee00000|  0%| F|  |TAMS 0x000000008ed00000, 0x000000008ed00000| Untracked 
| 238|0x000000008ee00000, 0x000000008ee00000, 0x000000008ef00000|  0%| F|  |TAMS 0x000000008ee00000, 0x000000008ee00000| Untracked 
| 239|0x000000008ef00000, 0x000000008ef00000, 0x000000008f000000|  0%| F|  |TAMS 0x000000008ef00000, 0x000000008ef00000| Untracked 
| 240|0x000000008f000000, 0x000000008f000000, 0x000000008f100000|  0%| F|  |TAMS 0x000000008f000000, 0x000000008f000000| Untracked 
| 241|0x000000008f100000, 0x000000008f100000, 0x000000008f200000|  0%| F|  |TAMS 0x000000008f100000, 0x000000008f100000| Untracked 
| 242|0x000000008f200000, 0x000000008f200000, 0x000000008f300000|  0%| F|  |TAMS 0x000000008f200000, 0x000000008f200000| Untracked 
| 243|0x000000008f300000, 0x000000008f3ea3a8, 0x000000008f400000| 91%| E|  |TAMS 0x000000008f300000, 0x000000008f300000| Complete 
| 244|0x000000008f400000, 0x000000008f500000, 0x000000008f500000|100%| E|CS|TAMS 0x000000008f400000, 0x000000008f400000| Complete 
| 245|0x000000008f500000, 0x000000008f600000, 0x000000008f600000|100%| E|CS|TAMS 0x000000008f500000, 0x000000008f500000| Complete 
| 246|0x000000008f600000, 0x000000008f700000, 0x000000008f700000|100%| E|CS|TAMS 0x000000008f600000, 0x000000008f600000| Complete 
| 247|0x000000008f700000, 0x000000008f800000, 0x000000008f800000|100%| E|CS|TAMS 0x000000008f700000, 0x000000008f700000| Complete 
| 248|0x000000008f800000, 0x000000008f900000, 0x000000008f900000|100%| E|CS|TAMS 0x000000008f800000, 0x000000008f800000| Complete 
| 249|0x000000008f900000, 0x000000008fa00000, 0x000000008fa00000|100%| E|CS|TAMS 0x000000008f900000, 0x000000008f900000| Complete 
| 250|0x000000008fa00000, 0x000000008fb00000, 0x000000008fb00000|100%| E|CS|TAMS 0x000000008fa00000, 0x000000008fa00000| Complete 
| 251|0x000000008fb00000, 0x000000008fc00000, 0x000000008fc00000|100%| E|CS|TAMS 0x000000008fb00000, 0x000000008fb00000| Complete 
| 252|0x000000008fc00000, 0x000000008fd00000, 0x000000008fd00000|100%| E|  |TAMS 0x000000008fc00000, 0x000000008fc00000| Complete 
| 253|0x000000008fd00000, 0x000000008fe00000, 0x000000008fe00000|100%| E|CS|TAMS 0x000000008fd00000, 0x000000008fd00000| Complete 
| 254|0x000000008fe00000, 0x000000008ff00000, 0x000000008ff00000|100%| E|CS|TAMS 0x000000008fe00000, 0x000000008fe00000| Complete 
| 255|0x000000008ff00000, 0x0000000090000000, 0x0000000090000000|100%| E|CS|TAMS 0x000000008ff00000, 0x000000008ff00000| Complete 
| 256|0x0000000090000000, 0x0000000090100000, 0x0000000090100000|100%| E|CS|TAMS 0x0000000090000000, 0x0000000090000000| Complete 
| 257|0x0000000090100000, 0x0000000090200000, 0x0000000090200000|100%| E|CS|TAMS 0x0000000090100000, 0x0000000090100000| Complete 
| 258|0x0000000090200000, 0x0000000090300000, 0x0000000090300000|100%| E|CS|TAMS 0x0000000090200000, 0x0000000090200000| Complete 
| 259|0x0000000090300000, 0x0000000090400000, 0x0000000090400000|100%| E|CS|TAMS 0x0000000090300000, 0x0000000090300000| Complete 
| 260|0x0000000090400000, 0x0000000090500000, 0x0000000090500000|100%| E|CS|TAMS 0x0000000090400000, 0x0000000090400000| Complete 
| 261|0x0000000090500000, 0x0000000090600000, 0x0000000090600000|100%| E|CS|TAMS 0x0000000090500000, 0x0000000090500000| Complete 
| 262|0x0000000090600000, 0x0000000090700000, 0x0000000090700000|100%| E|CS|TAMS 0x0000000090600000, 0x0000000090600000| Complete 
| 263|0x0000000090700000, 0x0000000090800000, 0x0000000090800000|100%| E|CS|TAMS 0x0000000090700000, 0x0000000090700000| Complete 
| 264|0x0000000090800000, 0x0000000090900000, 0x0000000090900000|100%| E|CS|TAMS 0x0000000090800000, 0x0000000090800000| Complete 
| 265|0x0000000090900000, 0x0000000090a00000, 0x0000000090a00000|100%| E|CS|TAMS 0x0000000090900000, 0x0000000090900000| Complete 
| 266|0x0000000090a00000, 0x0000000090b00000, 0x0000000090b00000|100%| E|CS|TAMS 0x0000000090a00000, 0x0000000090a00000| Complete 
| 267|0x0000000090b00000, 0x0000000090c00000, 0x0000000090c00000|100%| E|CS|TAMS 0x0000000090b00000, 0x0000000090b00000| Complete 
| 268|0x0000000090c00000, 0x0000000090d00000, 0x0000000090d00000|100%| E|CS|TAMS 0x0000000090c00000, 0x0000000090c00000| Complete 
| 269|0x0000000090d00000, 0x0000000090e00000, 0x0000000090e00000|100%| E|CS|TAMS 0x0000000090d00000, 0x0000000090d00000| Complete 
| 270|0x0000000090e00000, 0x0000000090f00000, 0x0000000090f00000|100%| E|CS|TAMS 0x0000000090e00000, 0x0000000090e00000| Complete 
| 271|0x0000000090f00000, 0x0000000091000000, 0x0000000091000000|100%| E|CS|TAMS 0x0000000090f00000, 0x0000000090f00000| Complete 
| 272|0x0000000091000000, 0x0000000091100000, 0x0000000091100000|100%| E|CS|TAMS 0x0000000091000000, 0x0000000091000000| Complete 
| 273|0x0000000091100000, 0x0000000091200000, 0x0000000091200000|100%| E|CS|TAMS 0x0000000091100000, 0x0000000091100000| Complete 

Card table byte_map: [0x000001aeedef0000,0x000001aeee2f0000] _byte_map_base: 0x000001aeedaf0000

Marking Bits (Prev, Next): (CMBitMap*) 0x000001aed705b540, (CMBitMap*) 0x000001aed705b500
 Prev Bits: [0x000001aef06f0000, 0x000001aef26f0000)
 Next Bits: [0x000001aeee6f0000, 0x000001aef06f0000)

Polling page: 0x000001aed4fe0000

Metaspace:

Usage:
  Non-class:     83.01 MB used.
      Class:     13.42 MB used.
       Both:     96.43 MB used.

Virtual space:
  Non-class space:      128.00 MB reserved,      83.56 MB ( 65%) committed,  2 nodes.
      Class space:      416.00 MB reserved,      13.94 MB (  3%) committed,  1 nodes.
             Both:      544.00 MB reserved,      97.50 MB ( 18%) committed. 

Chunk freelists:
   Non-Class:  12.25 MB
       Class:  2.03 MB
        Both:  14.28 MB

MaxMetaspaceSize: 512.00 MB
CompressedClassSpaceSize: 416.00 MB
Initial GC threshold: 21.00 MB
Current GC threshold: 140.88 MB
CDS: on
MetaspaceReclaimPolicy: balanced
 - commit_granule_bytes: 65536.
 - commit_granule_words: 8192.
 - virtual_space_node_default_size: 8388608.
 - enlarge_chunks_in_place: 1.
 - new_chunks_are_fully_committed: 0.
 - uncommit_free_chunks: 1.
 - use_allocation_guard: 0.
 - handle_deallocations: 1.


Internal statistics:

num_allocs_failed_limit: 6.
num_arena_births: 1312.
num_arena_deaths: 0.
num_vsnodes_births: 3.
num_vsnodes_deaths: 0.
num_space_committed: 1560.
num_space_uncommitted: 0.
num_chunks_returned_to_freelist: 6.
num_chunks_taken_from_freelist: 5657.
num_chunk_merges: 6.
num_chunk_splits: 3628.
num_chunks_enlarged: 2298.
num_inconsistent_stats: 0.

CodeHeap 'non-profiled nmethods': size=120000Kb used=8143Kb max_used=8209Kb free=111856Kb
 bounds [0x000001aee65c0000, 0x000001aee6de0000, 0x000001aeedaf0000]
CodeHeap 'profiled nmethods': size=120000Kb used=25362Kb max_used=27120Kb free=94637Kb
 bounds [0x000001aedeaf0000, 0x000001aee0570000, 0x000001aee6020000]
CodeHeap 'non-nmethods': size=5760Kb used=2393Kb max_used=2472Kb free=3366Kb
 bounds [0x000001aee6020000, 0x000001aee62b0000, 0x000001aee65c0000]
 total_blobs=13916 nmethods=12989 adapters=837
 compilation: enabled
              stopped_count=0, restarted_count=0
 full_count=0

Compilation events (20 events):
Event: 45.580 Thread 0x000001aef4bc8950 15390   !   3       org.gradle.api.tasks.util.internal.CachingPatternSpecFactory::createSpec (53 bytes)
Event: 45.581 Thread 0x000001aef4bc8950 nmethod 15390 0x000001aedee73710 code [0x000001aedee73920, 0x000001aedee74128]
Event: 45.581 Thread 0x000001aef4bc8950 15391       3       org.gradle.api.tasks.util.internal.CachingPatternSpecFactory$SpecKey::<init> (8 bytes)
Event: 45.581 Thread 0x000001aef4bc8950 nmethod 15391 0x000001aedf501010 code [0x000001aedf5011a0, 0x000001aedf5012e8]
Event: 45.585 Thread 0x000001aef4bc8950 15392       3       org.gradle.api.file.RelativePath::copyAndInternSegments (10 bytes)
Event: 45.585 Thread 0x000001aef4bc8950 nmethod 15392 0x000001aedf3d2710 code [0x000001aedf3d28c0, 0x000001aedf3d2a68]
Event: 45.585 Thread 0x000001aef4bc8950 15393   !   3       org.gradle.api.tasks.util.internal.CachingPatternSpecFactory$CachingSpec::isSatisfiedBy (40 bytes)
Event: 45.586 Thread 0x000001aef4bc8950 nmethod 15393 0x000001aedf234b90 code [0x000001aedf234da0, 0x000001aedf235518]
Event: 45.586 Thread 0x000001aef4bc8950 15394       3       org.gradle.api.tasks.util.internal.CachingPatternSpecFactory$SpecKey::equals (89 bytes)
Event: 45.587 Thread 0x000001aef4bc8950 nmethod 15394 0x000001aedee6de10 code [0x000001aedee6e080, 0x000001aedee6ee28]
Event: 45.589 Thread 0x000001aef4bc5020 nmethod 15202 0x000001aee69b2590 code [0x000001aee69b29c0, 0x000001aee69b81a0]
Event: 45.590 Thread 0x000001aef4bc5020 15374   !   4       com.google.common.cache.LocalCache$LoadingValueReference::loadFuture (125 bytes)
Event: 45.605 Thread 0x000001aef4bc8950 15397       3       org.gradle.api.internal.provider.AbstractCollectionProperty::calculateValueFrom (10 bytes)
Event: 45.605 Thread 0x000001aef4bc8950 nmethod 15397 0x000001aedf0cc190 code [0x000001aedf0cc340, 0x000001aedf0cc708]
Event: 45.605 Thread 0x000001aef4bc8950 15399       3       org.gradle.api.internal.attributes.DefaultImmutableAttributes::equals (124 bytes)
Event: 45.606 Thread 0x000001aef4bc8950 nmethod 15399 0x000001aedf122990 code [0x000001aedf122ca0, 0x000001aedf124238]
Event: 45.606 Thread 0x000001aef4bc8950 15398       3       org.gradle.api.internal.provider.AbstractCollectionProperty::calculateValueFrom (8 bytes)
Event: 45.606 Thread 0x000001aef4bc8950 nmethod 15398 0x000001aedf430710 code [0x000001aedf4308c0, 0x000001aedf430aa8]
Event: 45.613 Thread 0x000001aef4bc8950 15401       1       org.gradle.internal.operations.DefaultBuildOperationQueue::access$600 (5 bytes)
Event: 45.613 Thread 0x000001aef4bc8950 nmethod 15401 0x000001aee69b2290 code [0x000001aee69b2420, 0x000001aee69b24d8]

GC Heap History (20 events):
Event: 34.785 GC heap before
{Heap before GC invocations=42 (full 0):
 garbage-first heap   total 190464K, used 150524K [0x0000000080000000, 0x0000000100000000)
  region size 1024K, 56 young (57344K), 1 survivors (1024K)
 Metaspace       used 85292K, committed 86144K, reserved 557056K
  class space    used 12028K, committed 12416K, reserved 425984K
}
Event: 34.795 GC heap after
{Heap after GC invocations=43 (full 0):
 garbage-first heap   total 190464K, used 97038K [0x0000000080000000, 0x0000000100000000)
  region size 1024K, 4 young (4096K), 4 survivors (4096K)
 Metaspace       used 85292K, committed 86144K, reserved 557056K
  class space    used 12028K, committed 12416K, reserved 425984K
}
Event: 35.935 GC heap before
{Heap before GC invocations=44 (full 0):
 garbage-first heap   total 190464K, used 154382K [0x0000000080000000, 0x0000000100000000)
  region size 1024K, 58 young (59392K), 4 survivors (4096K)
 Metaspace       used 87016K, committed 87808K, reserved 557056K
  class space    used 12292K, committed 12672K, reserved 425984K
}
Event: 35.956 GC heap after
{Heap after GC invocations=45 (full 0):
 garbage-first heap   total 190464K, used 110710K [0x0000000080000000, 0x0000000100000000)
  region size 1024K, 8 young (8192K), 8 survivors (8192K)
 Metaspace       used 87016K, committed 87808K, reserved 557056K
  class space    used 12292K, committed 12672K, reserved 425984K
}
Event: 35.988 GC heap before
{Heap before GC invocations=45 (full 0):
 garbage-first heap   total 190464K, used 111734K [0x0000000080000000, 0x0000000100000000)
  region size 1024K, 9 young (9216K), 8 survivors (8192K)
 Metaspace       used 87022K, committed 87808K, reserved 557056K
  class space    used 12292K, committed 12672K, reserved 425984K
}
Event: 36.002 GC heap after
{Heap after GC invocations=46 (full 0):
 garbage-first heap   total 280576K, used 112227K [0x0000000080000000, 0x0000000100000000)
  region size 1024K, 1 young (1024K), 1 survivors (1024K)
 Metaspace       used 87022K, committed 87808K, reserved 557056K
  class space    used 12292K, committed 12672K, reserved 425984K
}
Event: 38.200 GC heap before
{Heap before GC invocations=46 (full 0):
 garbage-first heap   total 280576K, used 218723K [0x0000000080000000, 0x0000000100000000)
  region size 1024K, 101 young (103424K), 1 survivors (1024K)
 Metaspace       used 89558K, committed 90496K, reserved 557056K
  class space    used 12559K, committed 12992K, reserved 425984K
}
Event: 38.224 GC heap after
{Heap after GC invocations=47 (full 0):
 garbage-first heap   total 280576K, used 139078K [0x0000000080000000, 0x0000000100000000)
  region size 1024K, 13 young (13312K), 13 survivors (13312K)
 Metaspace       used 89558K, committed 90496K, reserved 557056K
  class space    used 12559K, committed 12992K, reserved 425984K
}
Event: 39.732 GC heap before
{Heap before GC invocations=47 (full 0):
 garbage-first heap   total 280576K, used 215878K [0x0000000080000000, 0x0000000100000000)
  region size 1024K, 88 young (90112K), 13 survivors (13312K)
 Metaspace       used 94697K, committed 95744K, reserved 557056K
  class space    used 13300K, committed 13824K, reserved 425984K
}
Event: 39.753 GC heap after
{Heap after GC invocations=48 (full 0):
 garbage-first heap   total 280576K, used 145045K [0x0000000080000000, 0x0000000100000000)
  region size 1024K, 6 young (6144K), 6 survivors (6144K)
 Metaspace       used 94697K, committed 95744K, reserved 557056K
  class space    used 13300K, committed 13824K, reserved 425984K
}
Event: 41.005 GC heap before
{Heap before GC invocations=48 (full 0):
 garbage-first heap   total 280576K, used 220821K [0x0000000080000000, 0x0000000100000000)
  region size 1024K, 80 young (81920K), 6 survivors (6144K)
 Metaspace       used 96723K, committed 97728K, reserved 557056K
  class space    used 13525K, committed 14016K, reserved 425984K
}
Event: 41.029 GC heap after
{Heap after GC invocations=49 (full 0):
 garbage-first heap   total 280576K, used 152471K [0x0000000080000000, 0x0000000100000000)
  region size 1024K, 10 young (10240K), 10 survivors (10240K)
 Metaspace       used 96723K, committed 97728K, reserved 557056K
  class space    used 13525K, committed 14016K, reserved 425984K
}
Event: 42.359 GC heap before
{Heap before GC invocations=49 (full 0):
 garbage-first heap   total 280576K, used 223127K [0x0000000080000000, 0x0000000100000000)
  region size 1024K, 80 young (81920K), 10 survivors (10240K)
 Metaspace       used 97947K, committed 98880K, reserved 557056K
  class space    used 13671K, committed 14144K, reserved 425984K
}
Event: 42.388 GC heap after
{Heap after GC invocations=50 (full 0):
 garbage-first heap   total 280576K, used 158890K [0x0000000080000000, 0x0000000100000000)
  region size 1024K, 6 young (6144K), 6 survivors (6144K)
 Metaspace       used 97947K, committed 98880K, reserved 557056K
  class space    used 13671K, committed 14144K, reserved 425984K
}
Event: 43.341 GC heap before
{Heap before GC invocations=50 (full 0):
 garbage-first heap   total 280576K, used 225450K [0x0000000080000000, 0x0000000100000000)
  region size 1024K, 72 young (73728K), 6 survivors (6144K)
 Metaspace       used 98296K, committed 99264K, reserved 557056K
  class space    used 13721K, committed 14208K, reserved 425984K
}
Event: 43.365 GC heap after
{Heap after GC invocations=51 (full 0):
 garbage-first heap   total 280576K, used 165846K [0x0000000080000000, 0x0000000100000000)
  region size 1024K, 7 young (7168K), 7 survivors (7168K)
 Metaspace       used 98296K, committed 99264K, reserved 557056K
  class space    used 13721K, committed 14208K, reserved 425984K
}
Event: 44.302 GC heap before
{Heap before GC invocations=51 (full 0):
 garbage-first heap   total 280576K, used 236502K [0x0000000080000000, 0x0000000100000000)
  region size 1024K, 69 young (70656K), 7 survivors (7168K)
 Metaspace       used 98524K, committed 99584K, reserved 557056K
  class space    used 13725K, committed 14208K, reserved 425984K
}
Event: 44.321 GC heap after
{Heap after GC invocations=52 (full 0):
 garbage-first heap   total 280576K, used 171871K [0x0000000080000000, 0x0000000100000000)
  region size 1024K, 7 young (7168K), 7 survivors (7168K)
 Metaspace       used 98524K, committed 99584K, reserved 557056K
  class space    used 13725K, committed 14208K, reserved 425984K
}
Event: 45.317 GC heap before
{Heap before GC invocations=52 (full 0):
 garbage-first heap   total 280576K, used 242527K [0x0000000080000000, 0x0000000100000000)
  region size 1024K, 65 young (66560K), 7 survivors (7168K)
 Metaspace       used 98691K, committed 99776K, reserved 557056K
  class space    used 13738K, committed 14272K, reserved 425984K
}
Event: 45.339 GC heap after
{Heap after GC invocations=53 (full 0):
 garbage-first heap   total 280576K, used 177645K [0x0000000080000000, 0x0000000100000000)
  region size 1024K, 6 young (6144K), 6 survivors (6144K)
 Metaspace       used 98691K, committed 99776K, reserved 557056K
  class space    used 13738K, committed 14272K, reserved 425984K
}

Dll operation events (14 events):
Event: 0.011 Loaded shared library C:\Program Files\Microsoft\jdk-17.0.8.7-hotspot\bin\java.dll
Event: 0.032 Loaded shared library C:\Program Files\Microsoft\jdk-17.0.8.7-hotspot\bin\jsvml.dll
Event: 0.088 Loaded shared library C:\Program Files\Microsoft\jdk-17.0.8.7-hotspot\bin\zip.dll
Event: 0.091 Loaded shared library C:\Program Files\Microsoft\jdk-17.0.8.7-hotspot\bin\instrument.dll
Event: 0.095 Loaded shared library C:\Program Files\Microsoft\jdk-17.0.8.7-hotspot\bin\net.dll
Event: 0.096 Loaded shared library C:\Program Files\Microsoft\jdk-17.0.8.7-hotspot\bin\nio.dll
Event: 0.100 Loaded shared library C:\Program Files\Microsoft\jdk-17.0.8.7-hotspot\bin\zip.dll
Event: 0.358 Loaded shared library C:\Program Files\Microsoft\jdk-17.0.8.7-hotspot\bin\jimage.dll
Event: 0.462 Loaded shared library C:\Program Files\Microsoft\jdk-17.0.8.7-hotspot\bin\verify.dll
Event: 0.716 Loaded shared library C:\Users\ranaa\.gradle\native\68d5fa5c4cc2d200863cafc0d521ce42e7d3e7ee720ec0a83991735586a16f82\windows-amd64\native-platform.dll
Event: 0.724 Loaded shared library C:\Users\ranaa\.gradle\native\e376f236ea51e6404a007f0833ffe2c6e607c4080706a723a18a27aeea778392\windows-amd64\native-platform-file-events.dll
Event: 2.380 Loaded shared library C:\Program Files\Microsoft\jdk-17.0.8.7-hotspot\bin\management.dll
Event: 2.383 Loaded shared library C:\Program Files\Microsoft\jdk-17.0.8.7-hotspot\bin\management_ext.dll
Event: 2.988 Loaded shared library C:\Program Files\Microsoft\jdk-17.0.8.7-hotspot\bin\sunmscapi.dll

Deoptimization events (20 events):
Event: 45.166 Thread 0x000001aefce2f110 Uncommon trap: trap_request=0x0000000d fr.pc=0x000001aee6b9ce78 relative=0x0000000000000378
Event: 45.166 Thread 0x000001aefce2f110 Uncommon trap: reason=unloaded action=reinterpret pc=0x000001aee6b9ce78 method=org.gradle.api.internal.artifacts.ivyservice.clientmodule.ClientModuleResolver.resolve(Lorg/gradle/api/artifacts/component/ComponentIdentifier;Lorg/gradle/internal/component/mo
Event: 45.168 Thread 0x000001aefce2f110 DEOPT PACKING pc=0x000001aee6b9ce78 sp=0x000000178b0f7ea0
Event: 45.168 Thread 0x000001aefce2f110 DEOPT UNPACKING pc=0x000001aee60769a3 sp=0x000000178b0f7dc8 mode 2
Event: 45.172 Thread 0x000001aefce2f110 Uncommon trap: trap_request=0xffffff45 fr.pc=0x000001aee6c74048 relative=0x00000000000000a8
Event: 45.173 Thread 0x000001aefce2f110 Uncommon trap: reason=unstable_if action=reinterpret pc=0x000001aee6c74048 method=org.gradle.api.internal.artifacts.ivyservice.resolveengine.store.DefaultBinaryStore.write(Lorg/gradle/cache/internal/BinaryStore$WriteAction;)V @ 4 c2
Event: 45.173 Thread 0x000001aefce2f110 DEOPT PACKING pc=0x000001aee6c74048 sp=0x000000178b0f7fe0
Event: 45.173 Thread 0x000001aefce2f110 DEOPT UNPACKING pc=0x000001aee60769a3 sp=0x000000178b0f7f68 mode 2
Event: 45.174 Thread 0x000001aefce2f110 Uncommon trap: trap_request=0xffffff45 fr.pc=0x000001aee6c8707c relative=0x00000000000000dc
Event: 45.174 Thread 0x000001aefce2f110 Uncommon trap: reason=unstable_if action=reinterpret pc=0x000001aee6c8707c method=org.gradle.api.internal.attributes.DefaultImmutableAttributes.equals(Ljava/lang/Object;)Z @ 2 c2
Event: 45.174 Thread 0x000001aefce2f110 DEOPT PACKING pc=0x000001aee6c8707c sp=0x000000178b0f82c0
Event: 45.174 Thread 0x000001aefce2f110 DEOPT UNPACKING pc=0x000001aee60769a3 sp=0x000000178b0f81d0 mode 2
Event: 45.174 Thread 0x000001aefce2f110 Uncommon trap: trap_request=0xffffff45 fr.pc=0x000001aee6c6b5e0 relative=0x0000000000000060
Event: 45.174 Thread 0x000001aefce2f110 Uncommon trap: reason=unstable_if action=reinterpret pc=0x000001aee6c6b5e0 method=org.gradle.api.internal.attributes.DefaultImmutableAttributes.equals(Ljava/lang/Object;)Z @ 2 c2
Event: 45.174 Thread 0x000001aefce2f110 DEOPT PACKING pc=0x000001aee6c6b5e0 sp=0x000000178b0f8230
Event: 45.174 Thread 0x000001aefce2f110 DEOPT UNPACKING pc=0x000001aee60769a3 sp=0x000000178b0f81c0 mode 2
Event: 45.588 Thread 0x000001aefa3ff8b0 Uncommon trap: trap_request=0xffffff45 fr.pc=0x000001aee6b4b748 relative=0x0000000000000488
Event: 45.589 Thread 0x000001aefa3ff8b0 Uncommon trap: reason=unstable_if action=reinterpret pc=0x000001aee6b4b748 method=com.esotericsoftware.kryo.io.Output.writeVarLong(JZ)I @ 55 c2
Event: 45.589 Thread 0x000001aefa3ff8b0 DEOPT PACKING pc=0x000001aee6b4b748 sp=0x00000017890feba0
Event: 45.589 Thread 0x000001aefa3ff8b0 DEOPT UNPACKING pc=0x000001aee60769a3 sp=0x00000017890feb70 mode 2

Classes unloaded (0 events):
No events

Classes redefined (0 events):
No events

Internal exceptions (20 events):
Event: 42.610 Thread 0x000001aefce2dcd0 Exception <a 'java/lang/ClassNotFoundException'{0x0000000090603d50}: groovy/util/FileTreeBuilderBeanInfo> (0x0000000090603d50) 
thrown [s\src\hotspot\share\classfile\systemDictionary.cpp, line 256]
Event: 42.611 Thread 0x000001aefce2dcd0 Exception <a 'java/lang/ClassNotFoundException'{0x0000000090665b80}: groovy/util/FileTreeBuilderCustomizer> (0x0000000090665b80) 
thrown [s\src\hotspot\share\classfile\systemDictionary.cpp, line 256]
Event: 42.618 Thread 0x000001aefce2dcd0 Exception <a 'java/lang/ClassNotFoundException'{0x000000009069e4a8}: java/io/BufferedWriterBeanInfo> (0x000000009069e4a8) 
thrown [s\src\hotspot\share\classfile\systemDictionary.cpp, line 256]
Event: 42.619 Thread 0x000001aefce2dcd0 Exception <a 'java/lang/ClassNotFoundException'{0x00000000906a3b70}: java/io/WriterBeanInfo> (0x00000000906a3b70) 
thrown [s\src\hotspot\share\classfile\systemDictionary.cpp, line 256]
Event: 42.619 Thread 0x000001aefce2dcd0 Exception <a 'java/lang/ClassNotFoundException'{0x00000000906a8fe8}: java/io/WriterCustomizer> (0x00000000906a8fe8) 
thrown [s\src\hotspot\share\classfile\systemDictionary.cpp, line 256]
Event: 42.619 Thread 0x000001aefce2dcd0 Exception <a 'java/lang/ClassNotFoundException'{0x00000000906b75c8}: java/io/BufferedWriterCustomizer> (0x00000000906b75c8) 
thrown [s\src\hotspot\share\classfile\systemDictionary.cpp, line 256]
Event: 42.642 Thread 0x000001aefce2dcd0 Exception <a 'java/lang/NoSuchMethodError'{0x0000000090551010}: static Lcom/android/build/api/variant/BuildConfigField;.<clinit>()V> (0x0000000090551010) 
thrown [s\src\hotspot\share\prims\jni.cpp, line 1107]
Event: 44.007 Thread 0x000001aefce2dcd0 Exception <a 'java/lang/NoSuchMethodError'{0x000000008dee1038}: static Lcom/android/build/api/variant/impl/ResValueKeyImpl;.<clinit>()V> (0x000000008dee1038) 
thrown [s\src\hotspot\share\prims\jni.cpp, line 1107]
Event: 44.009 Thread 0x000001aefce2dcd0 Exception <a 'java/lang/NoSuchMethodError'{0x000000008deefc90}: static Lcom/android/build/api/variant/ResValue;.<clinit>()V> (0x000000008deefc90) 
thrown [s\src\hotspot\share\prims\jni.cpp, line 1107]
Event: 44.019 Thread 0x000001aefce2dcd0 Exception <a 'sun/nio/fs/WindowsException'{0x000000008dd17560}> (0x000000008dd17560) 
thrown [s\src\hotspot\share\prims\jni.cpp, line 516]
Event: 44.048 Thread 0x000001aefce2dcd0 Exception <a 'sun/nio/fs/WindowsException'{0x000000008ddb6988}> (0x000000008ddb6988) 
thrown [s\src\hotspot\share\prims\jni.cpp, line 516]
Event: 44.063 Thread 0x000001aefce2dcd0 Exception <a 'sun/nio/fs/WindowsException'{0x000000008dc3e730}> (0x000000008dc3e730) 
thrown [s\src\hotspot\share\prims\jni.cpp, line 516]
Event: 44.079 Thread 0x000001aefce2dcd0 Exception <a 'sun/nio/fs/WindowsException'{0x000000008dc90c40}> (0x000000008dc90c40) 
thrown [s\src\hotspot\share\prims\jni.cpp, line 516]
Event: 44.146 Thread 0x000001aefce31990 Exception <a 'sun/nio/fs/WindowsException'{0x000000008dba1098}> (0x000000008dba1098) 
thrown [s\src\hotspot\share\prims\jni.cpp, line 516]
Event: 45.152 Thread 0x000001aefce2f110 Exception <a 'java/lang/NoSuchMethodError'{0x000000008e757780}: static Lcom/android/build/gradle/internal/scope/InternalArtifactType;.<clinit>()V> (0x000000008e757780) 
thrown [s\src\hotspot\share\prims\jni.cpp, line 1107]
Event: 45.152 Thread 0x000001aefce2f110 Exception <a 'java/lang/NoSuchMethodError'{0x000000008e759168}: static Lcom/android/build/gradle/internal/scope/InternalArtifactType;.<clinit>()V> (0x000000008e759168) 
thrown [s\src\hotspot\share\prims\jni.cpp, line 1107]
Event: 45.152 Thread 0x000001aefce2f110 Exception <a 'java/lang/NoSuchMethodError'{0x000000008e75c7f0}: static Lcom/android/build/api/artifact/Artifact$Single;.<clinit>()V> (0x000000008e75c7f0) 
thrown [s\src\hotspot\share\prims\jni.cpp, line 1107]
Event: 45.152 Thread 0x000001aefce2f110 Exception <a 'java/lang/NoSuchMethodError'{0x000000008e75f2d0}: static Ljava/lang/Object;.<clinit>()V> (0x000000008e75f2d0) 
thrown [s\src\hotspot\share\prims\jni.cpp, line 1107]
Event: 45.154 Thread 0x000001aefce2f110 Exception <a 'java/lang/NoSuchMethodError'{0x000000008e77bae8}: static Lcom/android/build/api/artifact/ArtifactKind;.<clinit>()V> (0x000000008e77bae8) 
thrown [s\src\hotspot\share\prims\jni.cpp, line 1107]
Event: 45.154 Thread 0x000001aefce2f110 Exception <a 'java/lang/NoSuchMethodError'{0x000000008e77d448}: static Lcom/android/build/api/artifact/ArtifactKind;.<clinit>()V> (0x000000008e77d448) 
thrown [s\src\hotspot\share\prims\jni.cpp, line 1107]

VM Operations (20 events):
Event: 44.233 Executing VM operation: ICBufferFull
Event: 44.235 Executing VM operation: ICBufferFull done
Event: 44.254 Executing VM operation: HandshakeAllThreads
Event: 44.255 Executing VM operation: HandshakeAllThreads done
Event: 44.302 Executing VM operation: G1CollectForAllocation
Event: 44.321 Executing VM operation: G1CollectForAllocation done
Event: 44.429 Executing VM operation: HandshakeAllThreads
Event: 44.429 Executing VM operation: HandshakeAllThreads done
Event: 44.560 Executing VM operation: HandshakeAllThreads
Event: 44.560 Executing VM operation: HandshakeAllThreads done
Event: 45.067 Executing VM operation: ICBufferFull
Event: 45.067 Executing VM operation: ICBufferFull done
Event: 45.168 Executing VM operation: HandshakeAllThreads
Event: 45.168 Executing VM operation: HandshakeAllThreads done
Event: 45.170 Executing VM operation: HandshakeAllThreads
Event: 45.170 Executing VM operation: HandshakeAllThreads done
Event: 45.172 Executing VM operation: HandshakeAllThreads
Event: 45.172 Executing VM operation: HandshakeAllThreads done
Event: 45.317 Executing VM operation: G1CollectForAllocation
Event: 45.339 Executing VM operation: G1CollectForAllocation done

Events (20 events):
Event: 44.456 Thread 0x000001aef4bd5a50 flushing nmethod 0x000001aee02f5490
Event: 44.456 Thread 0x000001aef4bd5a50 flushing nmethod 0x000001aee02f6490
Event: 44.456 Thread 0x000001aef4bd5a50 flushing nmethod 0x000001aee0302e90
Event: 44.456 Thread 0x000001aef4bd5a50 flushing nmethod 0x000001aee0303610
Event: 44.456 Thread 0x000001aef4bd5a50 flushing nmethod 0x000001aee0304390
Event: 44.456 Thread 0x000001aef4bd5a50 flushing nmethod 0x000001aee0309b10
Event: 44.456 Thread 0x000001aef4bd5a50 flushing nmethod 0x000001aee030b790
Event: 44.456 Thread 0x000001aef4bd5a50 flushing nmethod 0x000001aee0314f90
Event: 44.457 Thread 0x000001aef4bd5a50 flushing nmethod 0x000001aee03cbe90
Event: 44.457 Thread 0x000001aef4bd5a50 flushing nmethod 0x000001aee03cc210
Event: 44.457 Thread 0x000001aef4bd5a50 flushing nmethod 0x000001aee03d1890
Event: 44.457 Thread 0x000001aef4bd5a50 flushing nmethod 0x000001aee040b710
Event: 44.457 Thread 0x000001aef4bd5a50 flushing nmethod 0x000001aee040ce90
Event: 44.457 Thread 0x000001aef4bd5a50 flushing nmethod 0x000001aee040d210
Event: 44.457 Thread 0x000001aef4bd5a50 flushing nmethod 0x000001aee040e690
Event: 44.457 Thread 0x000001aef4bd5a50 flushing nmethod 0x000001aee040ea10
Event: 44.457 Thread 0x000001aef4bd5a50 flushing nmethod 0x000001aee040f090
Event: 44.457 Thread 0x000001aef4bd5a50 flushing nmethod 0x000001aee040fc10
Event: 44.458 Thread 0x000001aef4bd5a50 flushing nmethod 0x000001aee04b3110
Event: 44.458 Thread 0x000001aef4bd5a50 flushing nmethod 0x000001aee04beb90


Dynamic libraries:
0x00007ff781e20000 - 0x00007ff781e2e000 	C:\Program Files\Microsoft\jdk-17.0.8.7-hotspot\bin\java.exe
0x00007ffa43490000 - 0x00007ffa436a7000 	C:\Windows\SYSTEM32\ntdll.dll
0x00007ffa426e0000 - 0x00007ffa427a4000 	C:\Windows\System32\KERNEL32.DLL
0x00007ffa40bb0000 - 0x00007ffa40f56000 	C:\Windows\System32\KERNELBASE.dll
0x00007ffa40850000 - 0x00007ffa40961000 	C:\Windows\System32\ucrtbase.dll
0x00007ff9fd290000 - 0x00007ff9fd2a7000 	C:\Program Files\Microsoft\jdk-17.0.8.7-hotspot\bin\jli.dll
0x00007ff9fd270000 - 0x00007ff9fd28b000 	C:\Program Files\Microsoft\jdk-17.0.8.7-hotspot\bin\VCRUNTIME140.dll
0x00007ffa42840000 - 0x00007ffa429ee000 	C:\Windows\System32\USER32.dll
0x00007ffa40b80000 - 0x00007ffa40ba6000 	C:\Windows\System32\win32u.dll
0x00007ffa308d0000 - 0x00007ffa30b63000 	C:\Windows\WinSxS\amd64_microsoft.windows.common-controls_6595b64144ccf1df_6.0.22621.2506_none_270c5ae97388e100\COMCTL32.dll
0x00007ffa42810000 - 0x00007ffa42839000 	C:\Windows\System32\GDI32.dll
0x00007ffa40f60000 - 0x00007ffa41078000 	C:\Windows\System32\gdi32full.dll
0x00007ffa42350000 - 0x00007ffa423f7000 	C:\Windows\System32\msvcrt.dll
0x00007ffa40970000 - 0x00007ffa40a0a000 	C:\Windows\System32\msvcp_win.dll
0x00007ffa41d90000 - 0x00007ffa41dc1000 	C:\Windows\System32\IMM32.DLL
0x00007ffa39400000 - 0x00007ffa3940c000 	C:\Program Files\Microsoft\jdk-17.0.8.7-hotspot\bin\vcruntime140_1.dll
0x00007ff9ccb00000 - 0x00007ff9ccb8d000 	C:\Program Files\Microsoft\jdk-17.0.8.7-hotspot\bin\msvcp140.dll
0x00007ff9c5dd0000 - 0x00007ff9c6a35000 	C:\Program Files\Microsoft\jdk-17.0.8.7-hotspot\bin\server\jvm.dll
0x00007ffa42520000 - 0x00007ffa425d3000 	C:\Windows\System32\ADVAPI32.dll
0x00007ffa41260000 - 0x00007ffa41308000 	C:\Windows\System32\sechost.dll
0x00007ffa411b0000 - 0x00007ffa411d8000 	C:\Windows\System32\bcrypt.dll
0x00007ffa43330000 - 0x00007ffa43447000 	C:\Windows\System32\RPCRT4.dll
0x00007ffa406a0000 - 0x00007ffa406ed000 	C:\Windows\SYSTEM32\POWRPROF.dll
0x00007ffa3a040000 - 0x00007ffa3a074000 	C:\Windows\SYSTEM32\WINMM.dll
0x00007ffa2c130000 - 0x00007ffa2c139000 	C:\Windows\SYSTEM32\WSOCK32.dll
0x00007ffa411e0000 - 0x00007ffa41251000 	C:\Windows\System32\WS2_32.dll
0x00007ffa2dc70000 - 0x00007ffa2dc7a000 	C:\Windows\SYSTEM32\VERSION.dll
0x00007ffa40680000 - 0x00007ffa40693000 	C:\Windows\SYSTEM32\UMPDC.dll
0x00007ffa3f810000 - 0x00007ffa3f828000 	C:\Windows\SYSTEM32\kernel.appcore.dll
0x00007ffa369e0000 - 0x00007ffa369ea000 	C:\Program Files\Microsoft\jdk-17.0.8.7-hotspot\bin\jimage.dll
0x00007ffa2d150000 - 0x00007ffa2d383000 	C:\Windows\SYSTEM32\DBGHELP.DLL
0x00007ffa41dd0000 - 0x00007ffa42159000 	C:\Windows\System32\combase.dll
0x00007ffa431f0000 - 0x00007ffa432c7000 	C:\Windows\System32\OLEAUT32.dll
0x00007ffa2d090000 - 0x00007ffa2d0c2000 	C:\Windows\SYSTEM32\dbgcore.DLL
0x00007ffa407d0000 - 0x00007ffa4084a000 	C:\Windows\System32\bcryptPrimitives.dll
0x00007ffa22600000 - 0x00007ffa2260e000 	C:\Program Files\Microsoft\jdk-17.0.8.7-hotspot\bin\instrument.dll
0x00007ff9ce1a0000 - 0x00007ff9ce1c5000 	C:\Program Files\Microsoft\jdk-17.0.8.7-hotspot\bin\java.dll
0x00007ff9c5cf0000 - 0x00007ff9c5dc7000 	C:\Program Files\Microsoft\jdk-17.0.8.7-hotspot\bin\jsvml.dll
0x00007ffa41530000 - 0x00007ffa41d8b000 	C:\Windows\System32\SHELL32.dll
0x00007ffa3e730000 - 0x00007ffa3f026000 	C:\Windows\SYSTEM32\windows.storage.dll
0x00007ffa3e5f0000 - 0x00007ffa3e72e000 	C:\Windows\SYSTEM32\wintypes.dll
0x00007ffa42400000 - 0x00007ffa424f3000 	C:\Windows\System32\SHCORE.dll
0x00007ffa432d0000 - 0x00007ffa4332e000 	C:\Windows\System32\shlwapi.dll
0x00007ffa40700000 - 0x00007ffa40726000 	C:\Windows\SYSTEM32\profapi.dll
0x00007ff9dcef0000 - 0x00007ff9dcf08000 	C:\Program Files\Microsoft\jdk-17.0.8.7-hotspot\bin\zip.dll
0x00007ffa34eb0000 - 0x00007ffa34ec9000 	C:\Program Files\Microsoft\jdk-17.0.8.7-hotspot\bin\net.dll
0x00007ffa3a270000 - 0x00007ffa3a3a7000 	C:\Windows\SYSTEM32\WINHTTP.dll
0x00007ffa3fc90000 - 0x00007ffa3fcf9000 	C:\Windows\system32\mswsock.dll
0x00007ff9fd250000 - 0x00007ff9fd266000 	C:\Program Files\Microsoft\jdk-17.0.8.7-hotspot\bin\nio.dll
0x00007ffa3afd0000 - 0x00007ffa3afe0000 	C:\Program Files\Microsoft\jdk-17.0.8.7-hotspot\bin\verify.dll
0x00007ffa26250000 - 0x00007ffa26277000 	C:\Users\ranaa\.gradle\native\68d5fa5c4cc2d200863cafc0d521ce42e7d3e7ee720ec0a83991735586a16f82\windows-amd64\native-platform.dll
0x00007ff9c5650000 - 0x00007ff9c5794000 	C:\Users\ranaa\.gradle\native\e376f236ea51e6404a007f0833ffe2c6e607c4080706a723a18a27aeea778392\windows-amd64\native-platform-file-events.dll
0x00007ffa3db50000 - 0x00007ffa3db59000 	C:\Program Files\Microsoft\jdk-17.0.8.7-hotspot\bin\management.dll
0x00007ffa32ea0000 - 0x00007ffa32eab000 	C:\Program Files\Microsoft\jdk-17.0.8.7-hotspot\bin\management_ext.dll
0x00007ffa41520000 - 0x00007ffa41528000 	C:\Windows\System32\PSAPI.DLL
0x00007ffa3fee0000 - 0x00007ffa3fefb000 	C:\Windows\SYSTEM32\CRYPTSP.dll
0x00007ffa3f770000 - 0x00007ffa3f7a5000 	C:\Windows\system32\rsaenh.dll
0x00007ffa3fd80000 - 0x00007ffa3fdac000 	C:\Windows\SYSTEM32\USERENV.dll
0x00007ffa3ff00000 - 0x00007ffa3ff0c000 	C:\Windows\SYSTEM32\CRYPTBASE.dll
0x00007ffa3f290000 - 0x00007ffa3f2bd000 	C:\Windows\SYSTEM32\IPHLPAPI.DLL
0x00007ffa42160000 - 0x00007ffa42169000 	C:\Windows\System32\NSI.dll
0x00007ffa39e20000 - 0x00007ffa39e39000 	C:\Windows\SYSTEM32\dhcpcsvc6.DLL
0x00007ffa39630000 - 0x00007ffa3964f000 	C:\Windows\SYSTEM32\dhcpcsvc.DLL
0x00007ffa3f300000 - 0x00007ffa3f3f9000 	C:\Windows\SYSTEM32\DNSAPI.dll
0x00007ffa26130000 - 0x00007ffa2613e000 	C:\Program Files\Microsoft\jdk-17.0.8.7-hotspot\bin\sunmscapi.dll
0x00007ffa40a10000 - 0x00007ffa40b76000 	C:\Windows\System32\CRYPT32.dll
0x00007ffa400a0000 - 0x00007ffa400ce000 	C:\Windows\SYSTEM32\ncrypt.dll
0x00007ffa40060000 - 0x00007ffa40097000 	C:\Windows\SYSTEM32\NTASN1.dll
0x00007ffa239a0000 - 0x00007ffa239a8000 	C:\Windows\system32\wshunix.dll
0x00007ffa2c0b0000 - 0x00007ffa2c0c7000 	C:\Windows\system32\napinsp.dll
0x00007ffa2ad20000 - 0x00007ffa2ad3b000 	C:\Windows\system32\pnrpnsp.dll
0x00007ffa2ad40000 - 0x00007ffa2ad51000 	C:\Windows\System32\winrnr.dll
0x00007ffa2ad00000 - 0x00007ffa2ad15000 	C:\Windows\system32\wshbth.dll
0x00007ffa2acd0000 - 0x00007ffa2acf1000 	C:\Windows\system32\nlansp_c.dll
0x0000000056b80000 - 0x0000000056ba6000 	C:\Program Files\Bonjour\mdnsNSP.dll
0x00007ffa2f2a0000 - 0x00007ffa2f2aa000 	C:\Windows\System32\rasadhlp.dll
0x00007ffa38030000 - 0x00007ffa380b3000 	C:\Windows\System32\fwpuclnt.dll

dbghelp: loaded successfully - version: 4.0.5 - missing functions: none
symbol engine: initialized successfully - sym options: 0x614 - pdb path: .;C:\Program Files\Microsoft\jdk-17.0.8.7-hotspot\bin;C:\Windows\SYSTEM32;C:\Windows\WinSxS\amd64_microsoft.windows.common-controls_6595b64144ccf1df_6.0.22621.2506_none_270c5ae97388e100;C:\Program Files\Microsoft\jdk-17.0.8.7-hotspot\bin\server;C:\Users\ranaa\.gradle\native\68d5fa5c4cc2d200863cafc0d521ce42e7d3e7ee720ec0a83991735586a16f82\windows-amd64;C:\Users\ranaa\.gradle\native\e376f236ea51e6404a007f0833ffe2c6e607c4080706a723a18a27aeea778392\windows-amd64;C:\Program Files\Bonjour

VM Arguments:
jvm_args: -XX:MaxMetaspaceSize=512m --add-opens=java.base/java.util=ALL-UNNAMED --add-opens=java.base/java.lang=ALL-UNNAMED --add-opens=java.base/java.lang.invoke=ALL-UNNAMED --add-opens=java.prefs/java.util.prefs=ALL-UNNAMED --add-opens=java.base/java.nio.charset=ALL-UNNAMED --add-opens=java.base/java.net=ALL-UNNAMED --add-opens=java.base/java.util.concurrent.atomic=ALL-UNNAMED -Xmx2048m -Dfile.encoding=windows-1252 -Duser.country=US -Duser.language=en -Duser.variant -javaagent:C:\Users\ranaa\.gradle\wrapper\dists\gradle-8.3-all\6en3ugtfdg5xnpx44z4qbwgas\gradle-8.3\lib\agents\gradle-instrumentation-agent-8.3.jar 
java_command: org.gradle.launcher.daemon.bootstrap.GradleDaemon 8.3
java_class_path (initial): C:\Users\ranaa\.gradle\wrapper\dists\gradle-8.3-all\6en3ugtfdg5xnpx44z4qbwgas\gradle-8.3\lib\gradle-launcher-8.3.jar
Launcher Type: SUN_STANDARD

[Global flags]
     intx CICompilerCount                          = 3                                         {product} {ergonomic}
   size_t CompressedClassSpaceSize                 = 436207616                                 {product} {ergonomic}
     uint ConcGCThreads                            = 1                                         {product} {ergonomic}
     uint G1ConcRefinementThreads                  = 4                                         {product} {ergonomic}
   size_t G1HeapRegionSize                         = 1048576                                   {product} {ergonomic}
    uintx GCDrainStackTargetSize                   = 64                                        {product} {ergonomic}
   size_t InitialHeapSize                          = 134217728                                 {product} {ergonomic}
   size_t MarkStackSize                            = 4194304                                   {product} {ergonomic}
   size_t MaxHeapSize                              = 2147483648                                {product} {command line}
   size_t MaxMetaspaceSize                         = 536870912                                 {product} {command line}
   size_t MaxNewSize                               = 1287651328                                {product} {ergonomic}
   size_t MinHeapDeltaBytes                        = 1048576                                   {product} {ergonomic}
   size_t MinHeapSize                              = 8388608                                   {product} {ergonomic}
    uintx NonNMethodCodeHeapSize                   = 5832780                                {pd product} {ergonomic}
    uintx NonProfiledCodeHeapSize                  = 122912730                              {pd product} {ergonomic}
    uintx ProfiledCodeHeapSize                     = 122912730                              {pd product} {ergonomic}
    uintx ReservedCodeCacheSize                    = 251658240                              {pd product} {ergonomic}
     bool SegmentedCodeCache                       = true                                      {product} {ergonomic}
   size_t SoftMaxHeapSize                          = 2147483648                             {manageable} {ergonomic}
     bool UseCompressedClassPointers               = true                           {product lp64_product} {ergonomic}
     bool UseCompressedOops                        = true                           {product lp64_product} {ergonomic}
     bool UseG1GC                                  = true                                      {product} {ergonomic}
     bool UseLargePagesIndividualAllocation        = false                                  {pd product} {ergonomic}

Logging:
Log output configuration:
 #0: stdout all=warning uptime,level,tags
 #1: stderr all=off uptime,level,tags

Environment Variables:
JAVA_HOME=C:\Program Files\Microsoft\jdk-17.0.8.7-hotspot\
CLASSPATH=E:\Bootcamp\Projects\Task_2\Pet Adoption App\petAdoptionApp\android\\gradle\wrapper\gradle-wrapper.jar
PATH=E:\Bootcamp\Projects\Task_2\Pet Adoption App\petAdoptionApp\node_modules\.bin;E:\Bootcamp\Projects\Task_2\Pet Adoption App\petAdoptionApp\node_modules\.bin;E:\Bootcamp\Projects\Task_2\Pet Adoption App\node_modules\.bin;E:\Bootcamp\Projects\Task_2\node_modules\.bin;E:\Bootcamp\Projects\node_modules\.bin;E:\Bootcamp\node_modules\.bin;E:\node_modules\.bin;C:\Users\ranaa\AppData\Roaming\npm\node_modules\npm\node_modules\@npmcli\run-script\lib\node-gyp-bin;C:\Program Files\Microsoft\jdk-17.0.8.7-hotspot\bin;C:\Windows\system32;C:\Windows;C:\Windows\System32\Wbem;C:\Windows\System32\WindowsPowerShell\v1.0\;C:\Windows\System32\OpenSSH\;C:\Program Files\nodejs\;C:\Program Files\MongoDB\mongosh-2.1.1-win32-x64\bin;C:\ProgramData\chocolatey\bin;C:\Program Files\Git\cmd;C:\Users\ranaa\.console-ninja\.bin;C:\Users\ranaa\AppData\Local\Microsoft\WindowsApps;C:\Users\ranaa\AppData\Roaming\npm;C:\Users\ranaa\AppData\Local\Android\Sdk\platform-tools;C:\Users\ranaa\AppData\Local\Programs\Microsoft VS Code\bin;C:\Program Files\MongoDB\Server\7.0\bin;
USERNAME=ranaa
LANG=en_US.UTF-8
OS=Windows_NT
PROCESSOR_IDENTIFIER=Intel64 Family 6 Model 69 Stepping 1, GenuineIntel
TMP=C:\Users\ranaa\AppData\Local\Temp
TEMP=C:\Users\ranaa\AppData\Local\Temp



---------------  S Y S T E M  ---------------

OS:
 Windows 11 , 64 bit Build 22621 (10.0.22621.3085)
OS uptime: 6 days 13:45 hours

CPU: total 4 (initial active 4) (2 cores per cpu, 2 threads per core) family 6 model 69 stepping 1 microcode 0x26, cx8, cmov, fxsr, ht, mmx, sse, sse2, sse3, ssse3, sse4.1, sse4.2, popcnt, lzcnt, tsc, tscinvbit, avx, avx2, aes, erms, clmul, bmi1, bmi2, fma, vzeroupper, clflush
Processor Information for all 4 processors :
  Max Mhz: 2501, Current Mhz: 2501, Mhz Limit: 2501

Memory: 4k page, system-wide physical 8097M (2053M free)
TotalPageFile size 15762M (AvailPageFile size 8675M)
current process WorkingSet (physical memory assigned to process): 578M, peak: 583M
current process commit charge ("private bytes"): 616M, peak: 621M

vm_info: OpenJDK 64-Bit Server VM (17.0.8+7-LTS) for windows-amd64 JRE (17.0.8+7-LTS), built on Jul  7 2023 17:21:55 by "MicrosoftCorporation" with MS VC++ 16.10 / 16.11 (VS2019)

END.
